2024-06-10 17:41:01.335 [INFO] [main] [c.s.v.VehiclePlacementSystemApplication] - Starting VehiclePlacementSystemApplication v0.0.1-SNAPSHOT using Java 17.0.2 with PID 1 (/app.jar started by root in /)
2024-06-10 17:41:01.342 [INFO] [main] [c.s.v.VehiclePlacementSystemApplication] - The following 1 profile is active: "prod"
2024-06-10 17:41:02.394 [INFO] [main] [o.s.d.r.c.RepositoryConfigurationDelegate] - Multiple Spring Data modules found, entering strict repository configuration mode
2024-06-10 17:41:02.396 [INFO] [main] [o.s.d.r.c.RepositoryConfigurationDelegate] - Bootstrapping Spring Data Redis repositories in DEFAULT mode.
2024-06-10 17:41:02.426 [INFO] [main] [o.s.d.r.c.RepositoryConfigurationDelegate] - Finished Spring Data repository scanning in 16 ms. Found 0 Redis repository interfaces.
2024-06-10 17:41:02.807 [INFO] [main] [o.s.d.r.c.RepositoryConfigurationDelegate] - Multiple Spring Data modules found, entering strict repository configuration mode
2024-06-10 17:41:02.810 [INFO] [main] [o.s.d.r.c.RepositoryConfigurationDelegate] - Bootstrapping Spring Data JPA repositories in DEFAULT mode.
2024-06-10 17:41:02.944 [INFO] [main] [o.s.d.r.c.RepositoryConfigurationDelegate] - Finished Spring Data repository scanning in 128 ms. Found 4 JPA repository interfaces.
2024-06-10 17:41:02.956 [INFO] [main] [o.s.d.r.c.RepositoryConfigurationDelegate] - Multiple Spring Data modules found, entering strict repository configuration mode
2024-06-10 17:41:02.958 [INFO] [main] [o.s.d.r.c.RepositoryConfigurationDelegate] - Bootstrapping Spring Data Redis repositories in DEFAULT mode.
2024-06-10 17:41:02.965 [INFO] [main] [o.s.d.r.c.RepositoryConfigurationExtensionSupport] - Spring Data Redis - Could not safely identify store assignment for repository candidate interface com.silverithm.vehicleplacementsystem.repository.ElderRepository; If you want this repository to be a Redis repository, consider annotating your entities with one of these annotations: org.springframework.data.redis.core.RedisHash (preferred), or consider extending one of the following types with your repository: org.springframework.data.keyvalue.repository.KeyValueRepository
2024-06-10 17:41:02.968 [INFO] [main] [o.s.d.r.c.RepositoryConfigurationExtensionSupport] - Spring Data Redis - Could not safely identify store assignment for repository candidate interface com.silverithm.vehicleplacementsystem.repository.UserRepository; If you want this repository to be a Redis repository, consider annotating your entities with one of these annotations: org.springframework.data.redis.core.RedisHash (preferred), or consider extending one of the following types with your repository: org.springframework.data.keyvalue.repository.KeyValueRepository
2024-06-10 17:41:02.970 [INFO] [main] [o.s.d.r.c.RepositoryConfigurationExtensionSupport] - Spring Data Redis - Could not safely identify store assignment for repository candidate interface com.silverithm.vehicleplacementsystem.repository.LinkDistanceRepository; If you want this repository to be a Redis repository, consider annotating your entities with one of these annotations: org.springframework.data.redis.core.RedisHash (preferred), or consider extending one of the following types with your repository: org.springframework.data.keyvalue.repository.KeyValueRepository
2024-06-10 17:41:02.972 [INFO] [main] [o.s.d.r.c.RepositoryConfigurationExtensionSupport] - Spring Data Redis - Could not safely identify store assignment for repository candidate interface com.silverithm.vehicleplacementsystem.repository.EmployeeRepository; If you want this repository to be a Redis repository, consider annotating your entities with one of these annotations: org.springframework.data.redis.core.RedisHash (preferred), or consider extending one of the following types with your repository: org.springframework.data.keyvalue.repository.KeyValueRepository
2024-06-10 17:41:02.974 [INFO] [main] [o.s.d.r.c.RepositoryConfigurationDelegate] - Finished Spring Data repository scanning in 14 ms. Found 0 Redis repository interfaces.
2024-06-10 17:41:03.635 [INFO] [main] [o.s.b.w.e.tomcat.TomcatWebServer] - Tomcat initialized with port 8080 (http)
2024-06-10 17:41:03.646 [INFO] [main] [o.a.coyote.http11.Http11NioProtocol] - Initializing ProtocolHandler ["http-nio-8080"]
2024-06-10 17:41:03.650 [INFO] [main] [o.a.catalina.core.StandardService] - Starting service [Tomcat]
2024-06-10 17:41:03.651 [INFO] [main] [o.a.catalina.core.StandardEngine] - Starting Servlet engine: [Apache Tomcat/10.1.18]
2024-06-10 17:41:03.689 [INFO] [main] [o.a.c.c.C.[Tomcat].[localhost].[/]] - Initializing Spring embedded WebApplicationContext
2024-06-10 17:41:03.691 [INFO] [main] [o.s.b.w.s.c.ServletWebServerApplicationContext] - Root WebApplicationContext: initialization completed in 2183 ms
2024-06-10 17:41:03.955 [INFO] [main] [o.h.jpa.internal.util.LogHelper] - HHH000204: Processing PersistenceUnitInfo [name: default]
2024-06-10 17:41:04.005 [INFO] [main] [org.hibernate.Version] - HHH000412: Hibernate ORM core version 6.4.1.Final
2024-06-10 17:41:04.037 [INFO] [main] [o.h.c.i.RegionFactoryInitiator] - HHH000026: Second-level cache disabled
2024-06-10 17:41:04.193 [INFO] [main] [o.s.o.j.p.SpringPersistenceUnitInfo] - No LoadTimeWeaver setup: ignoring JPA class transformer
2024-06-10 17:41:04.213 [INFO] [main] [com.zaxxer.hikari.HikariDataSource] - HikariPool-1 - Starting...
2024-06-10 17:41:04.341 [INFO] [main] [com.zaxxer.hikari.pool.HikariPool] - HikariPool-1 - Added connection com.mysql.cj.jdbc.ConnectionImpl@1e9d721
2024-06-10 17:41:04.344 [INFO] [main] [com.zaxxer.hikari.HikariDataSource] - HikariPool-1 - Start completed.
2024-06-10 17:41:05.005 [INFO] [main] [o.h.e.t.j.p.i.JtaPlatformInitiator] - HHH000489: No JTA platform available (set 'hibernate.transaction.jta.platform' to enable JTA platform integration)
2024-06-10 17:41:05.054 [INFO] [main] [o.s.o.j.LocalContainerEntityManagerFactoryBean] - Initialized JPA EntityManagerFactory for persistence unit 'default'
2024-06-10 17:41:06.028 [INFO] [main] [o.s.s.web.DefaultSecurityFilterChain] - Will secure any request with [org.springframework.security.web.session.DisableEncodeUrlFilter@1ffcb4bb, org.springframework.security.web.context.request.async.WebAsyncManagerIntegrationFilter@6d66a248, org.springframework.security.web.context.SecurityContextHolderFilter@70f5f6c7, org.springframework.security.web.header.HeaderWriterFilter@2d1dbf4f, org.springframework.web.filter.CorsFilter@29617475, org.springframework.security.web.authentication.logout.LogoutFilter@3f04847e, com.silverithm.vehicleplacementsystem.jwt.JwtAuthenticationFilter@4f9871a2, org.springframework.security.web.savedrequest.RequestCacheAwareFilter@6b5f91a5, org.springframework.security.web.servletapi.SecurityContextHolderAwareRequestFilter@1fd1deed, org.springframework.security.web.authentication.AnonymousAuthenticationFilter@353b5d86, org.springframework.security.web.session.SessionManagementFilter@3644d12a, org.springframework.security.web.access.ExceptionTranslationFilter@456c6754, org.springframework.security.web.access.intercept.AuthorizationFilter@2f7af3d0]
2024-06-10 17:41:06.428 [INFO] [main] [o.a.coyote.http11.Http11NioProtocol] - Starting ProtocolHandler ["http-nio-8080"]
2024-06-10 17:41:06.446 [INFO] [main] [o.s.b.w.e.tomcat.TomcatWebServer] - Tomcat started on port 8080 (http) with context path ''
2024-06-10 17:41:06.510 [INFO] [main] [o.s.b.w.e.tomcat.TomcatWebServer] - Tomcat initialized with port 9101 (http)
2024-06-10 17:41:06.512 [INFO] [main] [o.a.coyote.http11.Http11NioProtocol] - Initializing ProtocolHandler ["http-nio-9101"]
2024-06-10 17:41:06.513 [INFO] [main] [o.a.catalina.core.StandardService] - Starting service [Tomcat]
2024-06-10 17:41:06.515 [INFO] [main] [o.a.catalina.core.StandardEngine] - Starting Servlet engine: [Apache Tomcat/10.1.18]
2024-06-10 17:41:06.518 [INFO] [main] [o.a.c.c.C.[Tomcat-1].[localhost].[/]] - Initializing Spring embedded WebApplicationContext
2024-06-10 17:41:06.519 [INFO] [main] [o.s.b.w.s.c.ServletWebServerApplicationContext] - Root WebApplicationContext: initialization completed in 68 ms
2024-06-10 17:41:06.531 [INFO] [main] [o.s.b.a.e.web.EndpointLinksResolver] - Exposing 2 endpoint(s) beneath base path ''
2024-06-10 17:41:06.561 [INFO] [main] [o.a.coyote.http11.Http11NioProtocol] - Starting ProtocolHandler ["http-nio-9101"]
2024-06-10 17:41:06.575 [INFO] [main] [o.s.b.w.e.tomcat.TomcatWebServer] - Tomcat started on port 9101 (http) with context path ''
2024-06-10 17:41:06.589 [INFO] [main] [c.s.v.VehiclePlacementSystemApplication] - Started VehiclePlacementSystemApplication in 6.156 seconds (process running for 6.798)
2024-06-10 17:41:07.730 [INFO] [http-nio-9101-exec-1] [o.a.c.c.C.[Tomcat-1].[localhost].[/]] - Initializing Spring DispatcherServlet 'dispatcherServletRegistration'
2024-06-10 17:41:07.732 [INFO] [http-nio-9101-exec-1] [o.s.web.servlet.DispatcherServlet] - Initializing Servlet 'dispatcherServletRegistration'
2024-06-10 17:41:07.735 [INFO] [http-nio-9101-exec-1] [o.s.web.servlet.DispatcherServlet] - Completed initialization in 1 ms
2024-06-10 17:41:33.251 [INFO] [http-nio-8080-exec-1] [o.a.c.c.C.[Tomcat].[localhost].[/]] - Initializing Spring DispatcherServlet 'dispatcherServlet'
2024-06-10 17:41:33.258 [INFO] [http-nio-8080-exec-1] [o.s.web.servlet.DispatcherServlet] - Initializing Servlet 'dispatcherServlet'
2024-06-10 17:41:33.260 [INFO] [http-nio-8080-exec-1] [o.s.web.servlet.DispatcherServlet] - Completed initialization in 1 ms
2024-06-10 17:44:52.259 [INFO] [SpringApplicationShutdownHook] [o.s.o.j.LocalContainerEntityManagerFactoryBean] - Closing JPA EntityManagerFactory for persistence unit 'default'
2024-06-10 17:44:52.266 [INFO] [SpringApplicationShutdownHook] [com.zaxxer.hikari.HikariDataSource] - HikariPool-1 - Shutdown initiated...
2024-06-10 17:44:52.274 [INFO] [SpringApplicationShutdownHook] [com.zaxxer.hikari.HikariDataSource] - HikariPool-1 - Shutdown completed.
2024-06-10 17:45:32.785 [INFO] [main] [c.s.v.VehiclePlacementSystemApplication] - Starting VehiclePlacementSystemApplication v0.0.1-SNAPSHOT using Java 17.0.2 with PID 1 (/app.jar started by root in /)
2024-06-10 17:45:32.789 [INFO] [main] [c.s.v.VehiclePlacementSystemApplication] - The following 1 profile is active: "prod"
2024-06-10 17:45:33.782 [INFO] [main] [o.s.d.r.c.RepositoryConfigurationDelegate] - Multiple Spring Data modules found, entering strict repository configuration mode
2024-06-10 17:45:33.784 [INFO] [main] [o.s.d.r.c.RepositoryConfigurationDelegate] - Bootstrapping Spring Data Redis repositories in DEFAULT mode.
2024-06-10 17:45:33.814 [INFO] [main] [o.s.d.r.c.RepositoryConfigurationDelegate] - Finished Spring Data repository scanning in 7 ms. Found 0 Redis repository interfaces.
2024-06-10 17:45:34.142 [INFO] [main] [o.s.d.r.c.RepositoryConfigurationDelegate] - Multiple Spring Data modules found, entering strict repository configuration mode
2024-06-10 17:45:34.145 [INFO] [main] [o.s.d.r.c.RepositoryConfigurationDelegate] - Bootstrapping Spring Data JPA repositories in DEFAULT mode.
2024-06-10 17:45:34.308 [INFO] [main] [o.s.d.r.c.RepositoryConfigurationDelegate] - Finished Spring Data repository scanning in 157 ms. Found 4 JPA repository interfaces.
2024-06-10 17:45:34.316 [INFO] [main] [o.s.d.r.c.RepositoryConfigurationDelegate] - Multiple Spring Data modules found, entering strict repository configuration mode
2024-06-10 17:45:34.318 [INFO] [main] [o.s.d.r.c.RepositoryConfigurationDelegate] - Bootstrapping Spring Data Redis repositories in DEFAULT mode.
2024-06-10 17:45:34.324 [INFO] [main] [o.s.d.r.c.RepositoryConfigurationExtensionSupport] - Spring Data Redis - Could not safely identify store assignment for repository candidate interface com.silverithm.vehicleplacementsystem.repository.ElderRepository; If you want this repository to be a Redis repository, consider annotating your entities with one of these annotations: org.springframework.data.redis.core.RedisHash (preferred), or consider extending one of the following types with your repository: org.springframework.data.keyvalue.repository.KeyValueRepository
2024-06-10 17:45:34.326 [INFO] [main] [o.s.d.r.c.RepositoryConfigurationExtensionSupport] - Spring Data Redis - Could not safely identify store assignment for repository candidate interface com.silverithm.vehicleplacementsystem.repository.UserRepository; If you want this repository to be a Redis repository, consider annotating your entities with one of these annotations: org.springframework.data.redis.core.RedisHash (preferred), or consider extending one of the following types with your repository: org.springframework.data.keyvalue.repository.KeyValueRepository
2024-06-10 17:45:34.329 [INFO] [main] [o.s.d.r.c.RepositoryConfigurationExtensionSupport] - Spring Data Redis - Could not safely identify store assignment for repository candidate interface com.silverithm.vehicleplacementsystem.repository.LinkDistanceRepository; If you want this repository to be a Redis repository, consider annotating your entities with one of these annotations: org.springframework.data.redis.core.RedisHash (preferred), or consider extending one of the following types with your repository: org.springframework.data.keyvalue.repository.KeyValueRepository
2024-06-10 17:45:34.331 [INFO] [main] [o.s.d.r.c.RepositoryConfigurationExtensionSupport] - Spring Data Redis - Could not safely identify store assignment for repository candidate interface com.silverithm.vehicleplacementsystem.repository.EmployeeRepository; If you want this repository to be a Redis repository, consider annotating your entities with one of these annotations: org.springframework.data.redis.core.RedisHash (preferred), or consider extending one of the following types with your repository: org.springframework.data.keyvalue.repository.KeyValueRepository
2024-06-10 17:45:34.332 [INFO] [main] [o.s.d.r.c.RepositoryConfigurationDelegate] - Finished Spring Data repository scanning in 12 ms. Found 0 Redis repository interfaces.
2024-06-10 17:45:34.925 [INFO] [main] [o.s.b.w.e.tomcat.TomcatWebServer] - Tomcat initialized with port 8080 (http)
2024-06-10 17:45:34.935 [INFO] [main] [o.a.coyote.http11.Http11NioProtocol] - Initializing ProtocolHandler ["http-nio-8080"]
2024-06-10 17:45:34.940 [INFO] [main] [o.a.catalina.core.StandardService] - Starting service [Tomcat]
2024-06-10 17:45:34.942 [INFO] [main] [o.a.catalina.core.StandardEngine] - Starting Servlet engine: [Apache Tomcat/10.1.18]
2024-06-10 17:45:34.984 [INFO] [main] [o.a.c.c.C.[Tomcat].[localhost].[/]] - Initializing Spring embedded WebApplicationContext
2024-06-10 17:45:34.986 [INFO] [main] [o.s.b.w.s.c.ServletWebServerApplicationContext] - Root WebApplicationContext: initialization completed in 2041 ms
2024-06-10 17:45:35.226 [INFO] [main] [o.h.jpa.internal.util.LogHelper] - HHH000204: Processing PersistenceUnitInfo [name: default]
2024-06-10 17:45:35.264 [INFO] [main] [org.hibernate.Version] - HHH000412: Hibernate ORM core version 6.4.1.Final
2024-06-10 17:45:35.289 [INFO] [main] [o.h.c.i.RegionFactoryInitiator] - HHH000026: Second-level cache disabled
2024-06-10 17:45:35.443 [INFO] [main] [o.s.o.j.p.SpringPersistenceUnitInfo] - No LoadTimeWeaver setup: ignoring JPA class transformer
2024-06-10 17:45:35.461 [INFO] [main] [com.zaxxer.hikari.HikariDataSource] - HikariPool-1 - Starting...
2024-06-10 17:45:35.579 [INFO] [main] [com.zaxxer.hikari.pool.HikariPool] - HikariPool-1 - Added connection com.mysql.cj.jdbc.ConnectionImpl@5cba890e
2024-06-10 17:45:35.582 [INFO] [main] [com.zaxxer.hikari.HikariDataSource] - HikariPool-1 - Start completed.
2024-06-10 17:45:36.219 [INFO] [main] [o.h.e.t.j.p.i.JtaPlatformInitiator] - HHH000489: No JTA platform available (set 'hibernate.transaction.jta.platform' to enable JTA platform integration)
2024-06-10 17:45:36.270 [INFO] [main] [o.s.o.j.LocalContainerEntityManagerFactoryBean] - Initialized JPA EntityManagerFactory for persistence unit 'default'
2024-06-10 17:45:37.260 [INFO] [main] [o.s.s.web.DefaultSecurityFilterChain] - Will secure any request with [org.springframework.security.web.session.DisableEncodeUrlFilter@3d1b6816, org.springframework.security.web.context.request.async.WebAsyncManagerIntegrationFilter@508863eb, org.springframework.security.web.context.SecurityContextHolderFilter@408f3054, org.springframework.security.web.header.HeaderWriterFilter@456c6754, org.springframework.web.filter.CorsFilter@7d8802cf, org.springframework.security.web.authentication.logout.LogoutFilter@67add4c9, com.silverithm.vehicleplacementsystem.jwt.JwtAuthenticationFilter@2f7af3d0, org.springframework.security.web.savedrequest.RequestCacheAwareFilter@4f9e32f2, org.springframework.security.web.servletapi.SecurityContextHolderAwareRequestFilter@70f5f6c7, org.springframework.security.web.authentication.AnonymousAuthenticationFilter@494775f1, org.springframework.security.web.session.SessionManagementFilter@6d985720, org.springframework.security.web.access.ExceptionTranslationFilter@6cc91654, org.springframework.security.web.access.intercept.AuthorizationFilter@38e46ea]
2024-06-10 17:45:37.637 [INFO] [main] [o.a.coyote.http11.Http11NioProtocol] - Starting ProtocolHandler ["http-nio-8080"]
2024-06-10 17:45:37.654 [INFO] [main] [o.s.b.w.e.tomcat.TomcatWebServer] - Tomcat started on port 8080 (http) with context path ''
2024-06-10 17:45:37.731 [INFO] [main] [o.s.b.w.e.tomcat.TomcatWebServer] - Tomcat initialized with port 9101 (http)
2024-06-10 17:45:37.733 [INFO] [main] [o.a.coyote.http11.Http11NioProtocol] - Initializing ProtocolHandler ["http-nio-9101"]
2024-06-10 17:45:37.735 [INFO] [main] [o.a.catalina.core.StandardService] - Starting service [Tomcat]
2024-06-10 17:45:37.737 [INFO] [main] [o.a.catalina.core.StandardEngine] - Starting Servlet engine: [Apache Tomcat/10.1.18]
2024-06-10 17:45:37.740 [INFO] [main] [o.a.c.c.C.[Tomcat-1].[localhost].[/]] - Initializing Spring embedded WebApplicationContext
2024-06-10 17:45:37.741 [INFO] [main] [o.s.b.w.s.c.ServletWebServerApplicationContext] - Root WebApplicationContext: initialization completed in 81 ms
2024-06-10 17:45:37.752 [INFO] [main] [o.s.b.a.e.web.EndpointLinksResolver] - Exposing 2 endpoint(s) beneath base path ''
2024-06-10 17:45:37.780 [INFO] [main] [o.a.coyote.http11.Http11NioProtocol] - Starting ProtocolHandler ["http-nio-9101"]
2024-06-10 17:45:37.784 [INFO] [main] [o.s.b.w.e.tomcat.TomcatWebServer] - Tomcat started on port 9101 (http) with context path ''
2024-06-10 17:45:37.796 [INFO] [main] [c.s.v.VehiclePlacementSystemApplication] - Started VehiclePlacementSystemApplication in 5.997 seconds (process running for 6.707)
2024-06-10 17:45:39.113 [INFO] [http-nio-9101-exec-1] [o.a.c.c.C.[Tomcat-1].[localhost].[/]] - Initializing Spring DispatcherServlet 'dispatcherServletRegistration'
2024-06-10 17:45:39.115 [INFO] [http-nio-9101-exec-1] [o.s.web.servlet.DispatcherServlet] - Initializing Servlet 'dispatcherServletRegistration'
2024-06-10 17:45:39.117 [INFO] [http-nio-9101-exec-1] [o.s.web.servlet.DispatcherServlet] - Completed initialization in 0 ms
2024-06-10 17:45:56.932 [INFO] [SpringApplicationShutdownHook] [o.s.o.j.LocalContainerEntityManagerFactoryBean] - Closing JPA EntityManagerFactory for persistence unit 'default'
2024-06-10 17:45:56.935 [INFO] [SpringApplicationShutdownHook] [com.zaxxer.hikari.HikariDataSource] - HikariPool-1 - Shutdown initiated...
2024-06-10 17:45:56.938 [INFO] [SpringApplicationShutdownHook] [com.zaxxer.hikari.HikariDataSource] - HikariPool-1 - Shutdown completed.
2024-06-10 17:46:12.725 [INFO] [main] [c.s.v.VehiclePlacementSystemApplication] - Starting VehiclePlacementSystemApplication v0.0.1-SNAPSHOT using Java 17.0.2 with PID 1 (/app.jar started by root in /)
2024-06-10 17:46:12.729 [INFO] [main] [c.s.v.VehiclePlacementSystemApplication] - The following 1 profile is active: "prod"
2024-06-10 17:46:13.458 [INFO] [main] [o.s.d.r.c.RepositoryConfigurationDelegate] - Multiple Spring Data modules found, entering strict repository configuration mode
2024-06-10 17:46:13.460 [INFO] [main] [o.s.d.r.c.RepositoryConfigurationDelegate] - Bootstrapping Spring Data Redis repositories in DEFAULT mode.
2024-06-10 17:46:13.487 [INFO] [main] [o.s.d.r.c.RepositoryConfigurationDelegate] - Finished Spring Data repository scanning in 4 ms. Found 0 Redis repository interfaces.
2024-06-10 17:46:13.771 [INFO] [main] [o.s.d.r.c.RepositoryConfigurationDelegate] - Multiple Spring Data modules found, entering strict repository configuration mode
2024-06-10 17:46:13.775 [INFO] [main] [o.s.d.r.c.RepositoryConfigurationDelegate] - Bootstrapping Spring Data JPA repositories in DEFAULT mode.
2024-06-10 17:46:13.888 [INFO] [main] [o.s.d.r.c.RepositoryConfigurationDelegate] - Finished Spring Data repository scanning in 108 ms. Found 4 JPA repository interfaces.
2024-06-10 17:46:13.897 [INFO] [main] [o.s.d.r.c.RepositoryConfigurationDelegate] - Multiple Spring Data modules found, entering strict repository configuration mode
2024-06-10 17:46:13.898 [INFO] [main] [o.s.d.r.c.RepositoryConfigurationDelegate] - Bootstrapping Spring Data Redis repositories in DEFAULT mode.
2024-06-10 17:46:13.905 [INFO] [main] [o.s.d.r.c.RepositoryConfigurationExtensionSupport] - Spring Data Redis - Could not safely identify store assignment for repository candidate interface com.silverithm.vehicleplacementsystem.repository.ElderRepository; If you want this repository to be a Redis repository, consider annotating your entities with one of these annotations: org.springframework.data.redis.core.RedisHash (preferred), or consider extending one of the following types with your repository: org.springframework.data.keyvalue.repository.KeyValueRepository
2024-06-10 17:46:13.906 [INFO] [main] [o.s.d.r.c.RepositoryConfigurationExtensionSupport] - Spring Data Redis - Could not safely identify store assignment for repository candidate interface com.silverithm.vehicleplacementsystem.repository.UserRepository; If you want this repository to be a Redis repository, consider annotating your entities with one of these annotations: org.springframework.data.redis.core.RedisHash (preferred), or consider extending one of the following types with your repository: org.springframework.data.keyvalue.repository.KeyValueRepository
2024-06-10 17:46:13.909 [INFO] [main] [o.s.d.r.c.RepositoryConfigurationExtensionSupport] - Spring Data Redis - Could not safely identify store assignment for repository candidate interface com.silverithm.vehicleplacementsystem.repository.LinkDistanceRepository; If you want this repository to be a Redis repository, consider annotating your entities with one of these annotations: org.springframework.data.redis.core.RedisHash (preferred), or consider extending one of the following types with your repository: org.springframework.data.keyvalue.repository.KeyValueRepository
2024-06-10 17:46:13.911 [INFO] [main] [o.s.d.r.c.RepositoryConfigurationExtensionSupport] - Spring Data Redis - Could not safely identify store assignment for repository candidate interface com.silverithm.vehicleplacementsystem.repository.EmployeeRepository; If you want this repository to be a Redis repository, consider annotating your entities with one of these annotations: org.springframework.data.redis.core.RedisHash (preferred), or consider extending one of the following types with your repository: org.springframework.data.keyvalue.repository.KeyValueRepository
2024-06-10 17:46:13.912 [INFO] [main] [o.s.d.r.c.RepositoryConfigurationDelegate] - Finished Spring Data repository scanning in 11 ms. Found 0 Redis repository interfaces.
2024-06-10 17:46:14.466 [INFO] [main] [o.s.b.w.e.tomcat.TomcatWebServer] - Tomcat initialized with port 8080 (http)
2024-06-10 17:46:14.476 [INFO] [main] [o.a.coyote.http11.Http11NioProtocol] - Initializing ProtocolHandler ["http-nio-8080"]
2024-06-10 17:46:14.478 [INFO] [main] [o.a.catalina.core.StandardService] - Starting service [Tomcat]
2024-06-10 17:46:14.480 [INFO] [main] [o.a.catalina.core.StandardEngine] - Starting Servlet engine: [Apache Tomcat/10.1.18]
2024-06-10 17:46:14.510 [INFO] [main] [o.a.c.c.C.[Tomcat].[localhost].[/]] - Initializing Spring embedded WebApplicationContext
2024-06-10 17:46:14.513 [INFO] [main] [o.s.b.w.s.c.ServletWebServerApplicationContext] - Root WebApplicationContext: initialization completed in 1666 ms
2024-06-10 17:46:14.744 [INFO] [main] [o.h.jpa.internal.util.LogHelper] - HHH000204: Processing PersistenceUnitInfo [name: default]
2024-06-10 17:46:14.780 [INFO] [main] [org.hibernate.Version] - HHH000412: Hibernate ORM core version 6.4.1.Final
2024-06-10 17:46:14.806 [INFO] [main] [o.h.c.i.RegionFactoryInitiator] - HHH000026: Second-level cache disabled
2024-06-10 17:46:14.966 [INFO] [main] [o.s.o.j.p.SpringPersistenceUnitInfo] - No LoadTimeWeaver setup: ignoring JPA class transformer
2024-06-10 17:46:14.987 [INFO] [main] [com.zaxxer.hikari.HikariDataSource] - HikariPool-1 - Starting...
2024-06-10 17:46:15.103 [INFO] [main] [com.zaxxer.hikari.pool.HikariPool] - HikariPool-1 - Added connection com.mysql.cj.jdbc.ConnectionImpl@25c8c71e
2024-06-10 17:46:15.106 [INFO] [main] [com.zaxxer.hikari.HikariDataSource] - HikariPool-1 - Start completed.
2024-06-10 17:46:15.680 [INFO] [main] [o.h.e.t.j.p.i.JtaPlatformInitiator] - HHH000489: No JTA platform available (set 'hibernate.transaction.jta.platform' to enable JTA platform integration)
2024-06-10 17:46:15.730 [INFO] [main] [o.s.o.j.LocalContainerEntityManagerFactoryBean] - Initialized JPA EntityManagerFactory for persistence unit 'default'
2024-06-10 17:46:16.802 [INFO] [main] [o.s.s.web.DefaultSecurityFilterChain] - Will secure any request with [org.springframework.security.web.session.DisableEncodeUrlFilter@6bcf2780, org.springframework.security.web.context.request.async.WebAsyncManagerIntegrationFilter@4bb4adf7, org.springframework.security.web.context.SecurityContextHolderFilter@7432cb37, org.springframework.security.web.header.HeaderWriterFilter@6cc91654, org.springframework.web.filter.CorsFilter@11544ddd, org.springframework.security.web.authentication.logout.LogoutFilter@76320633, com.silverithm.vehicleplacementsystem.jwt.JwtAuthenticationFilter@38e46ea, org.springframework.security.web.savedrequest.RequestCacheAwareFilter@4f94b2a8, org.springframework.security.web.servletapi.SecurityContextHolderAwareRequestFilter@408f3054, org.springframework.security.web.authentication.AnonymousAuthenticationFilter@116f823c, org.springframework.security.web.session.SessionManagementFilter@284e68ae, org.springframework.security.web.access.ExceptionTranslationFilter@6a73b74c, org.springframework.security.web.access.intercept.AuthorizationFilter@1abacff3]
2024-06-10 17:46:17.171 [INFO] [main] [o.a.coyote.http11.Http11NioProtocol] - Starting ProtocolHandler ["http-nio-8080"]
2024-06-10 17:46:17.187 [INFO] [main] [o.s.b.w.e.tomcat.TomcatWebServer] - Tomcat started on port 8080 (http) with context path ''
2024-06-10 17:46:17.261 [INFO] [main] [o.s.b.w.e.tomcat.TomcatWebServer] - Tomcat initialized with port 9101 (http)
2024-06-10 17:46:17.263 [INFO] [main] [o.a.coyote.http11.Http11NioProtocol] - Initializing ProtocolHandler ["http-nio-9101"]
2024-06-10 17:46:17.265 [INFO] [main] [o.a.catalina.core.StandardService] - Starting service [Tomcat]
2024-06-10 17:46:17.267 [INFO] [main] [o.a.catalina.core.StandardEngine] - Starting Servlet engine: [Apache Tomcat/10.1.18]
2024-06-10 17:46:17.271 [INFO] [main] [o.a.c.c.C.[Tomcat-1].[localhost].[/]] - Initializing Spring embedded WebApplicationContext
2024-06-10 17:46:17.272 [INFO] [main] [o.s.b.w.s.c.ServletWebServerApplicationContext] - Root WebApplicationContext: initialization completed in 80 ms
2024-06-10 17:46:17.284 [INFO] [main] [o.s.b.a.e.web.EndpointLinksResolver] - Exposing 2 endpoint(s) beneath base path ''
2024-06-10 17:46:17.311 [INFO] [main] [o.a.coyote.http11.Http11NioProtocol] - Starting ProtocolHandler ["http-nio-9101"]
2024-06-10 17:46:17.320 [INFO] [main] [o.s.b.w.e.tomcat.TomcatWebServer] - Tomcat started on port 9101 (http) with context path ''
2024-06-10 17:46:17.333 [INFO] [main] [c.s.v.VehiclePlacementSystemApplication] - Started VehiclePlacementSystemApplication in 5.384 seconds (process running for 6.089)
2024-06-10 17:46:19.116 [INFO] [http-nio-9101-exec-1] [o.a.c.c.C.[Tomcat-1].[localhost].[/]] - Initializing Spring DispatcherServlet 'dispatcherServletRegistration'
2024-06-10 17:46:19.119 [INFO] [http-nio-9101-exec-1] [o.s.web.servlet.DispatcherServlet] - Initializing Servlet 'dispatcherServletRegistration'
2024-06-10 17:46:19.122 [INFO] [http-nio-9101-exec-1] [o.s.web.servlet.DispatcherServlet] - Completed initialization in 1 ms
2024-06-10 17:47:32.735 [INFO] [http-nio-8080-exec-2] [o.a.c.c.C.[Tomcat].[localhost].[/]] - Initializing Spring DispatcherServlet 'dispatcherServlet'
2024-06-10 17:47:32.745 [INFO] [http-nio-8080-exec-2] [o.s.web.servlet.DispatcherServlet] - Initializing Servlet 'dispatcherServlet'
2024-06-10 17:47:32.747 [INFO] [http-nio-8080-exec-2] [o.s.web.servlet.DispatcherServlet] - Completed initialization in 1 ms
2024-06-10 17:47:32.800 [INFO] [http-nio-8080-exec-2] [c.s.v.jwt.JwtTokenProvider] - Expired JWT Token
io.jsonwebtoken.ExpiredJwtException: JWT expired at 2024-05-09T11:44:48Z. Current time: 2024-06-10T17:47:32Z, a difference of 2786564798 milliseconds.  Allowed clock skew: 0 milliseconds.
	at io.jsonwebtoken.impl.DefaultJwtParser.parse(DefaultJwtParser.java:427)
	at io.jsonwebtoken.impl.DefaultJwtParser.parse(DefaultJwtParser.java:529)
	at io.jsonwebtoken.impl.DefaultJwtParser.parseClaimsJws(DefaultJwtParser.java:589)
	at io.jsonwebtoken.impl.ImmutableJwtParser.parseClaimsJws(ImmutableJwtParser.java:173)
	at com.silverithm.vehicleplacementsystem.jwt.JwtTokenProvider.validateToken(JwtTokenProvider.java:119)
	at com.silverithm.vehicleplacementsystem.jwt.JwtAuthenticationFilter.doFilterInternal(JwtAuthenticationFilter.java:39)
	at org.springframework.web.filter.OncePerRequestFilter.doFilter(OncePerRequestFilter.java:116)
	at org.springframework.security.web.ObservationFilterChainDecorator$ObservationFilter.wrapFilter(ObservationFilterChainDecorator.java:240)
	at org.springframework.security.web.ObservationFilterChainDecorator$ObservationFilter.doFilter(ObservationFilterChainDecorator.java:227)
	at org.springframework.security.web.ObservationFilterChainDecorator$VirtualFilterChain.doFilter(ObservationFilterChainDecorator.java:137)
	at org.springframework.security.web.authentication.logout.LogoutFilter.doFilter(LogoutFilter.java:107)
	at org.springframework.security.web.authentication.logout.LogoutFilter.doFilter(LogoutFilter.java:93)
	at org.springframework.security.web.ObservationFilterChainDecorator$ObservationFilter.wrapFilter(ObservationFilterChainDecorator.java:240)
	at org.springframework.security.web.ObservationFilterChainDecorator$ObservationFilter.doFilter(ObservationFilterChainDecorator.java:227)
	at org.springframework.security.web.ObservationFilterChainDecorator$VirtualFilterChain.doFilter(ObservationFilterChainDecorator.java:137)
	at org.springframework.web.filter.CorsFilter.doFilterInternal(CorsFilter.java:91)
	at org.springframework.web.filter.OncePerRequestFilter.doFilter(OncePerRequestFilter.java:116)
	at org.springframework.security.web.ObservationFilterChainDecorator$ObservationFilter.wrapFilter(ObservationFilterChainDecorator.java:240)
	at org.springframework.security.web.ObservationFilterChainDecorator$ObservationFilter.doFilter(ObservationFilterChainDecorator.java:227)
	at org.springframework.security.web.ObservationFilterChainDecorator$VirtualFilterChain.doFilter(ObservationFilterChainDecorator.java:137)
	at org.springframework.security.web.header.HeaderWriterFilter.doHeadersAfter(HeaderWriterFilter.java:90)
	at org.springframework.security.web.header.HeaderWriterFilter.doFilterInternal(HeaderWriterFilter.java:75)
	at org.springframework.web.filter.OncePerRequestFilter.doFilter(OncePerRequestFilter.java:116)
	at org.springframework.security.web.ObservationFilterChainDecorator$ObservationFilter.wrapFilter(ObservationFilterChainDecorator.java:240)
	at org.springframework.security.web.ObservationFilterChainDecorator$ObservationFilter.doFilter(ObservationFilterChainDecorator.java:227)
	at org.springframework.security.web.ObservationFilterChainDecorator$VirtualFilterChain.doFilter(ObservationFilterChainDecorator.java:137)
	at org.springframework.security.web.context.SecurityContextHolderFilter.doFilter(SecurityContextHolderFilter.java:82)
	at org.springframework.security.web.context.SecurityContextHolderFilter.doFilter(SecurityContextHolderFilter.java:69)
	at org.springframework.security.web.ObservationFilterChainDecorator$ObservationFilter.wrapFilter(ObservationFilterChainDecorator.java:240)
	at org.springframework.security.web.ObservationFilterChainDecorator$ObservationFilter.doFilter(ObservationFilterChainDecorator.java:227)
	at org.springframework.security.web.ObservationFilterChainDecorator$VirtualFilterChain.doFilter(ObservationFilterChainDecorator.java:137)
	at org.springframework.security.web.context.request.async.WebAsyncManagerIntegrationFilter.doFilterInternal(WebAsyncManagerIntegrationFilter.java:62)
	at org.springframework.web.filter.OncePerRequestFilter.doFilter(OncePerRequestFilter.java:116)
	at org.springframework.security.web.ObservationFilterChainDecorator$ObservationFilter.wrapFilter(ObservationFilterChainDecorator.java:240)
	at org.springframework.security.web.ObservationFilterChainDecorator$ObservationFilter.doFilter(ObservationFilterChainDecorator.java:227)
	at org.springframework.security.web.ObservationFilterChainDecorator$VirtualFilterChain.doFilter(ObservationFilterChainDecorator.java:137)
	at org.springframework.security.web.session.DisableEncodeUrlFilter.doFilterInternal(DisableEncodeUrlFilter.java:42)
	at org.springframework.web.filter.OncePerRequestFilter.doFilter(OncePerRequestFilter.java:116)
	at org.springframework.security.web.ObservationFilterChainDecorator$ObservationFilter.wrapFilter(ObservationFilterChainDecorator.java:240)
	at org.springframework.security.web.ObservationFilterChainDecorator$AroundFilterObservation$SimpleAroundFilterObservation.lambda$wrap$0(ObservationFilterChainDecorator.java:323)
	at org.springframework.security.web.ObservationFilterChainDecorator$ObservationFilter.doFilter(ObservationFilterChainDecorator.java:224)
	at org.springframework.security.web.ObservationFilterChainDecorator$VirtualFilterChain.doFilter(ObservationFilterChainDecorator.java:137)
	at org.springframework.security.web.FilterChainProxy.doFilterInternal(FilterChainProxy.java:233)
	at org.springframework.security.web.FilterChainProxy.doFilter(FilterChainProxy.java:191)
	at org.springframework.web.filter.CompositeFilter$VirtualFilterChain.doFilter(CompositeFilter.java:113)
	at org.springframework.web.servlet.handler.HandlerMappingIntrospector.lambda$createCacheFilter$3(HandlerMappingIntrospector.java:195)
	at org.springframework.web.filter.CompositeFilter$VirtualFilterChain.doFilter(CompositeFilter.java:113)
	at org.springframework.web.filter.CompositeFilter.doFilter(CompositeFilter.java:74)
	at org.springframework.security.config.annotation.web.configuration.WebMvcSecurityConfiguration$CompositeFilterChainProxy.doFilter(WebMvcSecurityConfiguration.java:225)
	at org.springframework.web.filter.DelegatingFilterProxy.invokeDelegate(DelegatingFilterProxy.java:352)
	at org.springframework.web.filter.DelegatingFilterProxy.doFilter(DelegatingFilterProxy.java:268)
	at org.apache.catalina.core.ApplicationFilterChain.internalDoFilter(ApplicationFilterChain.java:174)
	at org.apache.catalina.core.ApplicationFilterChain.doFilter(ApplicationFilterChain.java:149)
	at org.springframework.web.filter.RequestContextFilter.doFilterInternal(RequestContextFilter.java:100)
	at org.springframework.web.filter.OncePerRequestFilter.doFilter(OncePerRequestFilter.java:116)
	at org.apache.catalina.core.ApplicationFilterChain.internalDoFilter(ApplicationFilterChain.java:174)
	at org.apache.catalina.core.ApplicationFilterChain.doFilter(ApplicationFilterChain.java:149)
	at org.springframework.web.filter.FormContentFilter.doFilterInternal(FormContentFilter.java:93)
	at org.springframework.web.filter.OncePerRequestFilter.doFilter(OncePerRequestFilter.java:116)
	at org.apache.catalina.core.ApplicationFilterChain.internalDoFilter(ApplicationFilterChain.java:174)
	at org.apache.catalina.core.ApplicationFilterChain.doFilter(ApplicationFilterChain.java:149)
	at org.springframework.web.filter.ServerHttpObservationFilter.doFilterInternal(ServerHttpObservationFilter.java:109)
	at org.springframework.web.filter.OncePerRequestFilter.doFilter(OncePerRequestFilter.java:116)
	at org.apache.catalina.core.ApplicationFilterChain.internalDoFilter(ApplicationFilterChain.java:174)
	at org.apache.catalina.core.ApplicationFilterChain.doFilter(ApplicationFilterChain.java:149)
	at org.springframework.web.filter.CharacterEncodingFilter.doFilterInternal(CharacterEncodingFilter.java:201)
	at org.springframework.web.filter.OncePerRequestFilter.doFilter(OncePerRequestFilter.java:116)
	at org.apache.catalina.core.ApplicationFilterChain.internalDoFilter(ApplicationFilterChain.java:174)
	at org.apache.catalina.core.ApplicationFilterChain.doFilter(ApplicationFilterChain.java:149)
	at org.apache.catalina.core.StandardWrapperValve.invoke(StandardWrapperValve.java:167)
	at org.apache.catalina.core.StandardContextValve.invoke(StandardContextValve.java:90)
	at org.apache.catalina.authenticator.AuthenticatorBase.invoke(AuthenticatorBase.java:482)
	at org.apache.catalina.core.StandardHostValve.invoke(StandardHostValve.java:115)
	at org.apache.catalina.valves.ErrorReportValve.invoke(ErrorReportValve.java:93)
	at org.apache.catalina.core.StandardEngineValve.invoke(StandardEngineValve.java:74)
	at org.apache.catalina.connector.CoyoteAdapter.service(CoyoteAdapter.java:340)
	at org.apache.coyote.http11.Http11Processor.service(Http11Processor.java:391)
	at org.apache.coyote.AbstractProcessorLight.process(AbstractProcessorLight.java:63)
	at org.apache.coyote.AbstractProtocol$ConnectionHandler.process(AbstractProtocol.java:896)
	at org.apache.tomcat.util.net.NioEndpoint$SocketProcessor.doRun(NioEndpoint.java:1744)
	at org.apache.tomcat.util.net.SocketProcessorBase.run(SocketProcessorBase.java:52)
	at org.apache.tomcat.util.threads.ThreadPoolExecutor.runWorker(ThreadPoolExecutor.java:1191)
	at org.apache.tomcat.util.threads.ThreadPoolExecutor$Worker.run(ThreadPoolExecutor.java:659)
	at org.apache.tomcat.util.threads.TaskThread$WrappingRunnable.run(TaskThread.java:61)
	at java.base/java.lang.Thread.run(Thread.java:833)
2024-06-10 17:48:23.927 [INFO] [http-nio-8080-exec-6] [c.s.v.service.DispatchService] - Tmap API :  573
2024-06-10 17:48:24.062 [INFO] [http-nio-8080-exec-6] [c.s.v.service.DispatchService] - Tmap API :  581
2024-06-10 17:48:24.205 [INFO] [http-nio-8080-exec-6] [c.s.v.service.DispatchService] - Tmap API :  626
2024-06-10 17:48:24.351 [INFO] [http-nio-8080-exec-6] [c.s.v.service.DispatchService] - Tmap API :  681
2024-06-10 17:48:24.481 [INFO] [http-nio-8080-exec-6] [c.s.v.service.DispatchService] - Tmap API :  245
2024-06-10 17:48:24.651 [INFO] [http-nio-8080-exec-6] [c.s.v.service.DispatchService] - Tmap API :  727
2024-06-10 17:48:24.820 [INFO] [http-nio-8080-exec-6] [c.s.v.service.DispatchService] - Tmap API :  732
2024-06-10 17:48:24.971 [INFO] [http-nio-8080-exec-6] [c.s.v.service.DispatchService] - Tmap API :  932
2024-06-10 17:48:25.091 [INFO] [http-nio-8080-exec-6] [c.s.v.service.DispatchService] - Tmap API :  401
2024-06-10 17:48:25.231 [INFO] [http-nio-8080-exec-6] [c.s.v.service.DispatchService] - Tmap API :  527
2024-06-10 17:48:25.371 [INFO] [http-nio-8080-exec-6] [c.s.v.service.DispatchService] - Tmap API :  778
2024-06-10 17:48:25.491 [INFO] [http-nio-8080-exec-6] [c.s.v.service.DispatchService] - Tmap API :  393
2024-06-10 17:48:25.621 [INFO] [http-nio-8080-exec-6] [c.s.v.service.DispatchService] - Tmap API :  482
2024-06-10 17:48:25.741 [INFO] [http-nio-8080-exec-6] [c.s.v.service.DispatchService] - Tmap API :  394
2024-06-10 17:48:25.871 [INFO] [http-nio-8080-exec-6] [c.s.v.service.DispatchService] - Tmap API :  616
2024-06-10 17:48:26.004 [INFO] [http-nio-8080-exec-6] [c.s.v.service.DispatchService] - Tmap API :  610
2024-06-10 17:48:26.132 [INFO] [http-nio-8080-exec-6] [c.s.v.service.DispatchService] - Tmap API :  154
2024-06-10 17:48:26.281 [INFO] [http-nio-8080-exec-6] [c.s.v.service.DispatchService] - Tmap API :  717
2024-06-10 17:48:26.391 [INFO] [http-nio-8080-exec-6] [c.s.v.service.DispatchService] - Tmap API :  0
2024-06-10 17:48:26.511 [INFO] [http-nio-8080-exec-6] [c.s.v.service.DispatchService] - Tmap API :  530
2024-06-10 17:48:26.661 [INFO] [http-nio-8080-exec-6] [c.s.v.service.DispatchService] - Tmap API :  771
2024-06-10 17:48:26.811 [INFO] [http-nio-8080-exec-6] [c.s.v.service.DispatchService] - Tmap API :  773
2024-06-10 17:48:26.920 [INFO] [http-nio-8080-exec-6] [c.s.v.service.DispatchService] - Tmap API :  329
2024-06-10 17:48:27.091 [INFO] [http-nio-8080-exec-6] [c.s.v.service.DispatchService] - Tmap API :  872
2024-06-10 17:48:27.300 [INFO] [http-nio-8080-exec-6] [c.s.v.service.DispatchService] - Tmap API :  1335
2024-06-10 17:48:27.441 [INFO] [http-nio-8080-exec-6] [c.s.v.service.DispatchService] - Tmap API :  1162
2024-06-10 17:48:27.582 [INFO] [http-nio-8080-exec-6] [c.s.v.service.DispatchService] - Tmap API :  635
2024-06-10 17:48:27.701 [INFO] [http-nio-8080-exec-6] [c.s.v.service.DispatchService] - Tmap API :  552
2024-06-10 17:48:27.851 [INFO] [http-nio-8080-exec-6] [c.s.v.service.DispatchService] - Tmap API :  1098
2024-06-10 17:48:27.981 [INFO] [http-nio-8080-exec-6] [c.s.v.service.DispatchService] - Tmap API :  406
2024-06-10 17:48:28.131 [INFO] [http-nio-8080-exec-6] [c.s.v.service.DispatchService] - Tmap API :  522
2024-06-10 17:48:28.291 [INFO] [http-nio-8080-exec-6] [c.s.v.service.DispatchService] - Tmap API :  684
2024-06-10 17:48:28.460 [INFO] [http-nio-8080-exec-6] [c.s.v.service.DispatchService] - Tmap API :  1188
2024-06-10 17:48:28.650 [INFO] [http-nio-8080-exec-6] [c.s.v.service.DispatchService] - Tmap API :  1161
2024-06-10 17:48:28.829 [INFO] [http-nio-8080-exec-6] [c.s.v.service.DispatchService] - Tmap API :  743
2024-06-10 17:48:29.002 [INFO] [http-nio-8080-exec-6] [c.s.v.service.DispatchService] - Tmap API :  1289
2024-06-10 17:48:29.171 [INFO] [http-nio-8080-exec-6] [c.s.v.service.DispatchService] - Tmap API :  839
2024-06-10 17:48:29.341 [INFO] [http-nio-8080-exec-6] [c.s.v.service.DispatchService] - Tmap API :  1060
2024-06-10 17:48:29.471 [INFO] [http-nio-8080-exec-6] [c.s.v.service.DispatchService] - Tmap API :  433
2024-06-10 17:48:29.600 [INFO] [http-nio-8080-exec-6] [c.s.v.service.DispatchService] - Tmap API :  543
2024-06-10 17:48:29.752 [INFO] [http-nio-8080-exec-6] [c.s.v.service.DispatchService] - Tmap API :  906
2024-06-10 17:48:29.871 [INFO] [http-nio-8080-exec-6] [c.s.v.service.DispatchService] - Tmap API :  409
2024-06-10 17:48:30.051 [INFO] [http-nio-8080-exec-6] [c.s.v.service.DispatchService] - Tmap API :  1304
2024-06-10 17:48:30.231 [INFO] [http-nio-8080-exec-6] [c.s.v.service.DispatchService] - Tmap API :  1131
2024-06-10 17:48:30.411 [INFO] [http-nio-8080-exec-6] [c.s.v.service.DispatchService] - Tmap API :  1066
2024-06-10 17:48:30.561 [INFO] [http-nio-8080-exec-6] [c.s.v.service.DispatchService] - Tmap API :  891
2024-06-10 17:48:30.740 [INFO] [http-nio-8080-exec-6] [c.s.v.service.DispatchService] - Tmap API :  1212
2024-06-10 17:48:30.911 [INFO] [http-nio-8080-exec-6] [c.s.v.service.DispatchService] - Tmap API :  932
2024-06-10 17:48:31.061 [INFO] [http-nio-8080-exec-6] [c.s.v.service.DispatchService] - Tmap API :  482
2024-06-10 17:48:31.181 [INFO] [http-nio-8080-exec-6] [c.s.v.service.DispatchService] - Tmap API :  394
2024-06-10 17:48:31.311 [INFO] [http-nio-8080-exec-6] [c.s.v.service.DispatchService] - Tmap API :  616
2024-06-10 17:48:31.450 [INFO] [http-nio-8080-exec-6] [c.s.v.service.DispatchService] - Tmap API :  610
2024-06-10 17:48:31.561 [INFO] [http-nio-8080-exec-6] [c.s.v.service.DispatchService] - Tmap API :  154
2024-06-10 17:48:31.711 [INFO] [http-nio-8080-exec-6] [c.s.v.service.DispatchService] - Tmap API :  717
2024-06-10 17:48:31.901 [INFO] [http-nio-8080-exec-6] [c.s.v.service.DispatchService] - Tmap API :  1335
2024-06-10 17:48:32.051 [INFO] [http-nio-8080-exec-6] [c.s.v.service.DispatchService] - Tmap API :  1162
2024-06-10 17:48:32.181 [INFO] [http-nio-8080-exec-6] [c.s.v.service.DispatchService] - Tmap API :  635
2024-06-10 17:48:32.310 [INFO] [http-nio-8080-exec-6] [c.s.v.service.DispatchService] - Tmap API :  552
2024-06-10 17:48:32.480 [INFO] [http-nio-8080-exec-6] [c.s.v.service.DispatchService] - Tmap API :  1098
2024-06-10 17:48:32.590 [INFO] [http-nio-8080-exec-6] [c.s.v.service.DispatchService] - Tmap API :  406
2024-06-10 17:48:32.783 [INFO] [http-nio-8080-exec-6] [c.s.v.service.DispatchService] - Tmap API :  1037
2024-06-10 17:48:32.940 [INFO] [http-nio-8080-exec-6] [c.s.v.service.DispatchService] - Tmap API :  759
2024-06-10 17:48:33.070 [INFO] [http-nio-8080-exec-6] [c.s.v.service.DispatchService] - Tmap API :  247
2024-06-10 17:48:33.201 [INFO] [http-nio-8080-exec-6] [c.s.v.service.DispatchService] - Tmap API :  318
2024-06-10 17:48:33.351 [INFO] [http-nio-8080-exec-6] [c.s.v.service.DispatchService] - Tmap API :  709
2024-06-10 17:48:33.470 [INFO] [http-nio-8080-exec-6] [c.s.v.service.DispatchService] - Tmap API :  171
2024-06-10 17:48:33.641 [INFO] [http-nio-8080-exec-6] [c.s.v.service.DispatchService] - Tmap API :  634
2024-06-10 17:48:33.781 [INFO] [http-nio-8080-exec-6] [c.s.v.service.DispatchService] - Tmap API :  315
2024-06-10 17:48:33.931 [INFO] [http-nio-8080-exec-6] [c.s.v.service.DispatchService] - Tmap API :  836
2024-06-10 17:48:34.092 [INFO] [http-nio-8080-exec-6] [c.s.v.service.DispatchService] - Tmap API :  752
2024-06-10 17:48:34.220 [INFO] [http-nio-8080-exec-6] [c.s.v.service.DispatchService] - Tmap API :  521
2024-06-10 17:48:34.390 [INFO] [http-nio-8080-exec-6] [c.s.v.service.DispatchService] - Tmap API :  867
2024-06-10 17:48:34.570 [INFO] [http-nio-8080-exec-6] [c.s.v.service.DispatchService] - Tmap API :  864
2024-06-10 17:48:34.731 [INFO] [http-nio-8080-exec-6] [c.s.v.service.DispatchService] - Tmap API :  925
2024-06-10 17:48:34.851 [INFO] [http-nio-8080-exec-6] [c.s.v.service.DispatchService] - Tmap API :  294
2024-06-10 17:48:34.970 [INFO] [http-nio-8080-exec-6] [c.s.v.service.DispatchService] - Tmap API :  523
2024-06-10 17:48:35.132 [INFO] [http-nio-8080-exec-6] [c.s.v.service.DispatchService] - Tmap API :  771
2024-06-10 17:48:35.270 [INFO] [http-nio-8080-exec-6] [c.s.v.service.DispatchService] - Tmap API :  357
2024-06-10 17:48:35.390 [INFO] [http-nio-8080-exec-6] [c.s.v.service.DispatchService] - Tmap API :  482
2024-06-10 17:48:35.511 [INFO] [http-nio-8080-exec-6] [c.s.v.service.DispatchService] - Tmap API :  394
2024-06-10 17:48:35.661 [INFO] [http-nio-8080-exec-6] [c.s.v.service.DispatchService] - Tmap API :  616
2024-06-10 17:48:35.802 [INFO] [http-nio-8080-exec-6] [c.s.v.service.DispatchService] - Tmap API :  610
2024-06-10 17:48:35.921 [INFO] [http-nio-8080-exec-6] [c.s.v.service.DispatchService] - Tmap API :  154
2024-06-10 17:48:36.070 [INFO] [http-nio-8080-exec-6] [c.s.v.service.DispatchService] - Tmap API :  717
2024-06-10 17:48:36.231 [INFO] [http-nio-8080-exec-6] [c.s.v.service.DispatchService] - Tmap API :  656
2024-06-10 17:48:36.361 [INFO] [http-nio-8080-exec-6] [c.s.v.service.DispatchService] - Tmap API :  459
2024-06-10 17:48:36.524 [INFO] [http-nio-8080-exec-6] [c.s.v.service.DispatchService] - Tmap API :  977
2024-06-10 17:48:36.671 [INFO] [http-nio-8080-exec-6] [c.s.v.service.DispatchService] - Tmap API :  1031
2024-06-10 17:48:36.801 [INFO] [http-nio-8080-exec-6] [c.s.v.service.DispatchService] - Tmap API :  689
2024-06-10 17:48:36.971 [INFO] [http-nio-8080-exec-6] [c.s.v.service.DispatchService] - Tmap API :  1078
2024-06-10 17:48:37.151 [INFO] [http-nio-8080-exec-6] [c.s.v.service.DispatchService] - Tmap API :  557
2024-06-10 17:48:37.272 [INFO] [http-nio-8080-exec-6] [c.s.v.service.DispatchService] - Tmap API :  346
2024-06-10 17:48:37.422 [INFO] [http-nio-8080-exec-6] [c.s.v.service.DispatchService] - Tmap API :  818
2024-06-10 17:48:37.581 [INFO] [http-nio-8080-exec-6] [c.s.v.service.DispatchService] - Tmap API :  860
2024-06-10 17:48:37.712 [INFO] [http-nio-8080-exec-6] [c.s.v.service.DispatchService] - Tmap API :  511
2024-06-10 17:48:37.872 [INFO] [http-nio-8080-exec-6] [c.s.v.service.DispatchService] - Tmap API :  919
2024-06-10 17:48:38.050 [INFO] [http-nio-8080-exec-6] [c.s.v.service.DispatchService] - Tmap API :  1163
2024-06-10 17:48:38.222 [INFO] [http-nio-8080-exec-6] [c.s.v.service.DispatchService] - Tmap API :  990
2024-06-10 17:48:38.361 [INFO] [http-nio-8080-exec-6] [c.s.v.service.DispatchService] - Tmap API :  748
2024-06-10 17:48:38.482 [INFO] [http-nio-8080-exec-6] [c.s.v.service.DispatchService] - Tmap API :  580
2024-06-10 17:48:38.631 [INFO] [http-nio-8080-exec-6] [c.s.v.service.DispatchService] - Tmap API :  906
2024-06-10 17:48:38.773 [INFO] [http-nio-8080-exec-6] [c.s.v.service.DispatchService] - Tmap API :  779
2024-06-10 17:48:38.912 [INFO] [http-nio-8080-exec-6] [c.s.v.service.DispatchService] - Tmap API :  530
2024-06-10 17:48:39.072 [INFO] [http-nio-8080-exec-6] [c.s.v.service.DispatchService] - Tmap API :  771
2024-06-10 17:48:39.221 [INFO] [http-nio-8080-exec-6] [c.s.v.service.DispatchService] - Tmap API :  765
2024-06-10 17:48:39.332 [INFO] [http-nio-8080-exec-6] [c.s.v.service.DispatchService] - Tmap API :  329
2024-06-10 17:48:39.481 [INFO] [http-nio-8080-exec-6] [c.s.v.service.DispatchService] - Tmap API :  872
2024-06-10 17:48:39.631 [INFO] [http-nio-8080-exec-6] [c.s.v.service.DispatchService] - Tmap API :  757
2024-06-10 17:48:39.781 [INFO] [http-nio-8080-exec-6] [c.s.v.service.DispatchService] - Tmap API :  771
2024-06-10 17:48:39.903 [INFO] [http-nio-8080-exec-6] [c.s.v.service.DispatchService] - Tmap API :  419
2024-06-10 17:48:40.063 [INFO] [http-nio-8080-exec-6] [c.s.v.service.DispatchService] - Tmap API :  886
2024-06-10 17:48:40.181 [INFO] [http-nio-8080-exec-6] [c.s.v.service.DispatchService] - Tmap API :  324
2024-06-10 17:48:40.311 [INFO] [http-nio-8080-exec-6] [c.s.v.service.DispatchService] - Tmap API :  615
2024-06-10 17:48:40.432 [INFO] [http-nio-8080-exec-6] [c.s.v.service.DispatchService] - Tmap API :  223
2024-06-10 17:48:40.574 [INFO] [http-nio-8080-exec-6] [c.s.v.service.DispatchService] - Tmap API :  602
2024-06-10 17:48:40.693 [INFO] [http-nio-8080-exec-6] [c.s.v.service.DispatchService] - Tmap API :  222
2024-06-10 17:48:40.861 [INFO] [http-nio-8080-exec-6] [c.s.v.service.DispatchService] - Tmap API :  588
2024-06-10 17:48:41.034 [INFO] [http-nio-8080-exec-6] [c.s.v.service.DispatchService] - Tmap API :  781
2024-06-10 17:48:41.191 [INFO] [http-nio-8080-exec-6] [c.s.v.service.DispatchService] - Tmap API :  957
2024-06-10 17:48:41.311 [INFO] [http-nio-8080-exec-6] [c.s.v.service.DispatchService] - Tmap API :  376
2024-06-10 17:48:41.452 [INFO] [http-nio-8080-exec-6] [c.s.v.service.DispatchService] - Tmap API :  530
2024-06-10 17:48:41.611 [INFO] [http-nio-8080-exec-6] [c.s.v.service.DispatchService] - Tmap API :  849
2024-06-10 17:48:41.731 [INFO] [http-nio-8080-exec-6] [c.s.v.service.DispatchService] - Tmap API :  422
2024-06-10 17:48:41.861 [INFO] [http-nio-8080-exec-6] [c.s.v.service.DispatchService] - Tmap API :  760
2024-06-10 17:48:42.032 [INFO] [http-nio-8080-exec-6] [c.s.v.service.DispatchService] - Tmap API :  1185
2024-06-10 17:48:42.171 [INFO] [http-nio-8080-exec-6] [c.s.v.service.DispatchService] - Tmap API :  906
2024-06-10 17:48:42.331 [INFO] [http-nio-8080-exec-6] [c.s.v.service.DispatchService] - Tmap API :  1117
2024-06-10 17:48:42.461 [INFO] [http-nio-8080-exec-6] [c.s.v.service.DispatchService] - Tmap API :  963
2024-06-10 17:48:42.601 [INFO] [http-nio-8080-exec-6] [c.s.v.service.DispatchService] - Tmap API :  904
2024-06-10 17:48:42.733 [INFO] [http-nio-8080-exec-6] [c.s.v.service.DispatchService] - Tmap API :  760
2024-06-10 17:48:42.871 [INFO] [http-nio-8080-exec-6] [c.s.v.service.DispatchService] - Tmap API :  1185
2024-06-10 17:48:43.002 [INFO] [http-nio-8080-exec-6] [c.s.v.service.DispatchService] - Tmap API :  906
2024-06-10 17:48:43.151 [INFO] [http-nio-8080-exec-6] [c.s.v.service.DispatchService] - Tmap API :  1117
2024-06-10 17:48:43.281 [INFO] [http-nio-8080-exec-6] [c.s.v.service.DispatchService] - Tmap API :  963
2024-06-10 17:48:43.421 [INFO] [http-nio-8080-exec-6] [c.s.v.service.DispatchService] - Tmap API :  904
2024-06-10 17:48:43.641 [INFO] [http-nio-8080-exec-6] [c.s.v.service.DispatchService] - Tmap API :  1727
2024-06-10 17:48:43.821 [INFO] [http-nio-8080-exec-6] [c.s.v.service.DispatchService] - Tmap API :  1314
2024-06-10 17:48:44.001 [INFO] [http-nio-8080-exec-6] [c.s.v.service.DispatchService] - Tmap API :  1364
2024-06-10 17:48:44.192 [INFO] [http-nio-8080-exec-6] [c.s.v.service.DispatchService] - Tmap API :  1875
2024-06-10 17:48:44.335 [INFO] [http-nio-8080-exec-6] [c.s.v.service.DispatchService] - Tmap API :  1140
2024-06-10 17:48:44.514 [INFO] [http-nio-8080-exec-6] [c.s.v.service.DispatchService] - Tmap API :  1760
2024-06-10 17:48:44.642 [INFO] [http-nio-8080-exec-6] [c.s.v.service.DispatchService] - Tmap API :  1035
2024-06-10 17:48:44.811 [INFO] [http-nio-8080-exec-6] [c.s.v.service.DispatchService] - Tmap API :  1314
2024-06-10 17:48:45.011 [INFO] [http-nio-8080-exec-6] [c.s.v.service.DispatchService] - Tmap API :  1875
2024-06-10 17:48:45.191 [INFO] [http-nio-8080-exec-6] [c.s.v.service.DispatchService] - Tmap API :  1491
2024-06-10 17:48:45.332 [INFO] [http-nio-8080-exec-6] [c.s.v.service.DispatchService] - Tmap API :  1101
2024-06-10 17:48:45.551 [INFO] [http-nio-8080-exec-6] [c.s.v.service.DispatchService] - Tmap API :  1633
2024-06-10 17:48:45.732 [INFO] [http-nio-8080-exec-6] [c.s.v.service.DispatchService] - Tmap API :  1314
2024-06-10 17:48:45.872 [INFO] [http-nio-8080-exec-6] [c.s.v.service.DispatchService] - Tmap API :  903
2024-06-10 17:48:45.993 [INFO] [http-nio-8080-exec-6] [c.s.v.service.DispatchService] - Tmap API :  942
2024-06-10 17:48:46.152 [INFO] [http-nio-8080-exec-6] [c.s.v.service.DispatchService] - Tmap API :  1276
2024-06-10 17:48:46.321 [INFO] [http-nio-8080-exec-6] [c.s.v.service.DispatchService] - Tmap API :  1364
2024-06-10 17:48:46.475 [INFO] [http-nio-8080-exec-6] [c.s.v.service.DispatchService] - Tmap API :  1156
2024-06-10 17:48:46.585 [INFO] [lettuce-eventExecutorLoop-1-2] [i.l.core.protocol.ConnectionWatchdog] - Reconnecting, last destination was silverithm_redis/172.22.0.6:6379
2024-06-10 17:48:46.651 [INFO] [http-nio-8080-exec-6] [c.s.v.service.DispatchService] - Tmap API :  1483
2024-06-10 17:48:46.821 [INFO] [http-nio-8080-exec-6] [c.s.v.service.DispatchService] - Tmap API :  1406
2024-06-10 17:48:46.991 [INFO] [http-nio-8080-exec-6] [c.s.v.service.DispatchService] - Tmap API :  1383
2024-06-10 17:48:47.162 [INFO] [http-nio-8080-exec-6] [c.s.v.service.DispatchService] - Tmap API :  1514
2024-06-10 17:48:47.315 [INFO] [SpringApplicationShutdownHook] [o.s.o.j.LocalContainerEntityManagerFactoryBean] - Closing JPA EntityManagerFactory for persistence unit 'default'
2024-06-10 17:48:47.320 [INFO] [SpringApplicationShutdownHook] [com.zaxxer.hikari.HikariDataSource] - HikariPool-1 - Shutdown initiated...
2024-06-10 17:48:47.324 [INFO] [SpringApplicationShutdownHook] [com.zaxxer.hikari.HikariDataSource] - HikariPool-1 - Shutdown completed.
