2024-06-12 17:25:42.303 [INFO] [main] [c.s.v.VehiclePlacementSystemApplication] - Starting VehiclePlacementSystemApplication v0.0.1-SNAPSHOT using Java 17.0.2 with PID 1 (/app.jar started by root in /)
2024-06-12 17:25:42.307 [INFO] [main] [c.s.v.VehiclePlacementSystemApplication] - The following 1 profile is active: "prod"
2024-06-12 17:25:43.698 [INFO] [main] [o.s.d.r.c.RepositoryConfigurationDelegate] - Multiple Spring Data modules found, entering strict repository configuration mode
2024-06-12 17:25:43.703 [INFO] [main] [o.s.d.r.c.RepositoryConfigurationDelegate] - Bootstrapping Spring Data Redis repositories in DEFAULT mode.
2024-06-12 17:25:43.781 [INFO] [main] [o.s.d.r.c.RepositoryConfigurationDelegate] - Finished Spring Data repository scanning in 51 ms. Found 0 Redis repository interfaces.
2024-06-12 17:25:44.138 [INFO] [main] [o.s.d.r.c.RepositoryConfigurationDelegate] - Multiple Spring Data modules found, entering strict repository configuration mode
2024-06-12 17:25:44.141 [INFO] [main] [o.s.d.r.c.RepositoryConfigurationDelegate] - Bootstrapping Spring Data JPA repositories in DEFAULT mode.
2024-06-12 17:25:44.325 [INFO] [main] [o.s.d.r.c.RepositoryConfigurationDelegate] - Finished Spring Data repository scanning in 178 ms. Found 4 JPA repository interfaces.
2024-06-12 17:25:44.342 [INFO] [main] [o.s.d.r.c.RepositoryConfigurationDelegate] - Multiple Spring Data modules found, entering strict repository configuration mode
2024-06-12 17:25:44.344 [INFO] [main] [o.s.d.r.c.RepositoryConfigurationDelegate] - Bootstrapping Spring Data Redis repositories in DEFAULT mode.
2024-06-12 17:25:44.354 [INFO] [main] [o.s.d.r.c.RepositoryConfigurationExtensionSupport] - Spring Data Redis - Could not safely identify store assignment for repository candidate interface com.silverithm.vehicleplacementsystem.repository.ElderRepository; If you want this repository to be a Redis repository, consider annotating your entities with one of these annotations: org.springframework.data.redis.core.RedisHash (preferred), or consider extending one of the following types with your repository: org.springframework.data.keyvalue.repository.KeyValueRepository
2024-06-12 17:25:44.358 [INFO] [main] [o.s.d.r.c.RepositoryConfigurationExtensionSupport] - Spring Data Redis - Could not safely identify store assignment for repository candidate interface com.silverithm.vehicleplacementsystem.repository.UserRepository; If you want this repository to be a Redis repository, consider annotating your entities with one of these annotations: org.springframework.data.redis.core.RedisHash (preferred), or consider extending one of the following types with your repository: org.springframework.data.keyvalue.repository.KeyValueRepository
2024-06-12 17:25:44.362 [INFO] [main] [o.s.d.r.c.RepositoryConfigurationExtensionSupport] - Spring Data Redis - Could not safely identify store assignment for repository candidate interface com.silverithm.vehicleplacementsystem.repository.LinkDistanceRepository; If you want this repository to be a Redis repository, consider annotating your entities with one of these annotations: org.springframework.data.redis.core.RedisHash (preferred), or consider extending one of the following types with your repository: org.springframework.data.keyvalue.repository.KeyValueRepository
2024-06-12 17:25:44.364 [INFO] [main] [o.s.d.r.c.RepositoryConfigurationExtensionSupport] - Spring Data Redis - Could not safely identify store assignment for repository candidate interface com.silverithm.vehicleplacementsystem.repository.EmployeeRepository; If you want this repository to be a Redis repository, consider annotating your entities with one of these annotations: org.springframework.data.redis.core.RedisHash (preferred), or consider extending one of the following types with your repository: org.springframework.data.keyvalue.repository.KeyValueRepository
2024-06-12 17:25:44.366 [INFO] [main] [o.s.d.r.c.RepositoryConfigurationDelegate] - Finished Spring Data repository scanning in 20 ms. Found 0 Redis repository interfaces.
2024-06-12 17:25:45.337 [INFO] [main] [o.s.b.w.e.tomcat.TomcatWebServer] - Tomcat initialized with port 8080 (http)
2024-06-12 17:25:45.358 [INFO] [main] [o.a.coyote.http11.Http11NioProtocol] - Initializing ProtocolHandler ["http-nio-8080"]
2024-06-12 17:25:45.363 [INFO] [main] [o.a.catalina.core.StandardService] - Starting service [Tomcat]
2024-06-12 17:25:45.366 [INFO] [main] [o.a.catalina.core.StandardEngine] - Starting Servlet engine: [Apache Tomcat/10.1.18]
2024-06-12 17:25:45.428 [INFO] [main] [o.a.c.c.C.[Tomcat].[localhost].[/]] - Initializing Spring embedded WebApplicationContext
2024-06-12 17:25:45.437 [INFO] [main] [o.s.b.w.s.c.ServletWebServerApplicationContext] - Root WebApplicationContext: initialization completed in 3035 ms
2024-06-12 17:25:45.858 [INFO] [main] [o.h.jpa.internal.util.LogHelper] - HHH000204: Processing PersistenceUnitInfo [name: default]
2024-06-12 17:25:46.020 [INFO] [main] [org.hibernate.Version] - HHH000412: Hibernate ORM core version 6.4.1.Final
2024-06-12 17:25:46.113 [INFO] [main] [o.h.c.i.RegionFactoryInitiator] - HHH000026: Second-level cache disabled
2024-06-12 17:25:46.583 [INFO] [main] [o.s.o.j.p.SpringPersistenceUnitInfo] - No LoadTimeWeaver setup: ignoring JPA class transformer
2024-06-12 17:25:46.644 [INFO] [main] [com.zaxxer.hikari.HikariDataSource] - HikariPool-1 - Starting...
2024-06-12 17:25:46.957 [INFO] [main] [com.zaxxer.hikari.pool.HikariPool] - HikariPool-1 - Added connection com.mysql.cj.jdbc.ConnectionImpl@1e9d721
2024-06-12 17:25:46.961 [INFO] [main] [com.zaxxer.hikari.HikariDataSource] - HikariPool-1 - Start completed.
2024-06-12 17:25:47.851 [INFO] [main] [o.h.e.t.j.p.i.JtaPlatformInitiator] - HHH000489: No JTA platform available (set 'hibernate.transaction.jta.platform' to enable JTA platform integration)
2024-06-12 17:25:47.930 [INFO] [main] [o.s.o.j.LocalContainerEntityManagerFactoryBean] - Initialized JPA EntityManagerFactory for persistence unit 'default'
2024-06-12 17:25:49.276 [INFO] [main] [o.s.s.web.DefaultSecurityFilterChain] - Will secure any request with [org.springframework.security.web.session.DisableEncodeUrlFilter@4f9871a2, org.springframework.security.web.context.request.async.WebAsyncManagerIntegrationFilter@353b5d86, org.springframework.security.web.context.SecurityContextHolderFilter@34c31a34, org.springframework.security.web.header.HeaderWriterFilter@2810d9, org.springframework.web.filter.CorsFilter@6d17cd8b, org.springframework.security.web.authentication.logout.LogoutFilter@61761e60, com.silverithm.vehicleplacementsystem.jwt.JwtAuthenticationFilter@4ff7de80, org.springframework.security.web.savedrequest.RequestCacheAwareFilter@1fd1deed, org.springframework.security.web.servletapi.SecurityContextHolderAwareRequestFilter@197d6cc9, org.springframework.security.web.authentication.AnonymousAuthenticationFilter@43eea3bd, org.springframework.security.web.session.SessionManagementFilter@432e242d, org.springframework.security.web.access.ExceptionTranslationFilter@524250ec, org.springframework.security.web.access.intercept.AuthorizationFilter@67e03fe4]
2024-06-12 17:25:49.716 [INFO] [main] [o.a.coyote.http11.Http11NioProtocol] - Starting ProtocolHandler ["http-nio-8080"]
2024-06-12 17:25:49.741 [INFO] [main] [o.s.b.w.e.tomcat.TomcatWebServer] - Tomcat started on port 8080 (http) with context path ''
2024-06-12 17:25:49.819 [INFO] [main] [o.s.b.w.e.tomcat.TomcatWebServer] - Tomcat initialized with port 9101 (http)
2024-06-12 17:25:49.821 [INFO] [main] [o.a.coyote.http11.Http11NioProtocol] - Initializing ProtocolHandler ["http-nio-9101"]
2024-06-12 17:25:49.824 [INFO] [main] [o.a.catalina.core.StandardService] - Starting service [Tomcat]
2024-06-12 17:25:49.825 [INFO] [main] [o.a.catalina.core.StandardEngine] - Starting Servlet engine: [Apache Tomcat/10.1.18]
2024-06-12 17:25:49.828 [INFO] [main] [o.a.c.c.C.[Tomcat-1].[localhost].[/]] - Initializing Spring embedded WebApplicationContext
2024-06-12 17:25:49.829 [INFO] [main] [o.s.b.w.s.c.ServletWebServerApplicationContext] - Root WebApplicationContext: initialization completed in 83 ms
2024-06-12 17:25:49.842 [INFO] [main] [o.s.b.a.e.web.EndpointLinksResolver] - Exposing 2 endpoint(s) beneath base path ''
2024-06-12 17:25:49.871 [INFO] [main] [o.a.coyote.http11.Http11NioProtocol] - Starting ProtocolHandler ["http-nio-9101"]
2024-06-12 17:25:49.893 [INFO] [main] [o.s.b.w.e.tomcat.TomcatWebServer] - Tomcat started on port 9101 (http) with context path ''
2024-06-12 17:25:49.909 [INFO] [main] [c.s.v.VehiclePlacementSystemApplication] - Started VehiclePlacementSystemApplication in 8.283 seconds (process running for 9.202)
2024-06-12 17:25:50.635 [INFO] [http-nio-8080-exec-1] [o.a.c.c.C.[Tomcat].[localhost].[/]] - Initializing Spring DispatcherServlet 'dispatcherServlet'
2024-06-12 17:25:50.636 [INFO] [http-nio-8080-exec-1] [o.s.web.servlet.DispatcherServlet] - Initializing Servlet 'dispatcherServlet'
2024-06-12 17:25:50.639 [INFO] [http-nio-8080-exec-1] [o.s.web.servlet.DispatcherServlet] - Completed initialization in 1 ms
2024-06-12 17:25:51.023 [INFO] [http-nio-9101-exec-1] [o.a.c.c.C.[Tomcat-1].[localhost].[/]] - Initializing Spring DispatcherServlet 'dispatcherServletRegistration'
2024-06-12 17:25:51.024 [INFO] [http-nio-9101-exec-1] [o.s.web.servlet.DispatcherServlet] - Initializing Servlet 'dispatcherServletRegistration'
2024-06-12 17:25:51.026 [INFO] [http-nio-9101-exec-1] [o.s.web.servlet.DispatcherServlet] - Completed initialization in 0 ms
