2024-06-14 18:30:04.743 [INFO] [main] [c.s.v.GeneticAlgorithmServiceTest] - Starting GeneticAlgorithmServiceTest using Java 17.0.7 with PID 73659 (started by gimjunhyeong in /Users/gimjunhyeong/Develop/silverithm/backend)
2024-06-14 18:30:04.744 [INFO] [main] [c.s.v.GeneticAlgorithmServiceTest] - The following 1 profile is active: "local"
2024-06-14 18:30:05.240 [INFO] [main] [o.s.d.r.c.RepositoryConfigurationDelegate] - Multiple Spring Data modules found, entering strict repository configuration mode
2024-06-14 18:30:05.240 [INFO] [main] [o.s.d.r.c.RepositoryConfigurationDelegate] - Bootstrapping Spring Data Redis repositories in DEFAULT mode.
2024-06-14 18:30:05.255 [INFO] [main] [o.s.d.r.c.RepositoryConfigurationDelegate] - Finished Spring Data repository scanning in 4 ms. Found 0 Redis repository interfaces.
2024-06-14 18:30:05.488 [INFO] [main] [o.s.d.r.c.RepositoryConfigurationDelegate] - Multiple Spring Data modules found, entering strict repository configuration mode
2024-06-14 18:30:05.489 [INFO] [main] [o.s.d.r.c.RepositoryConfigurationDelegate] - Bootstrapping Spring Data JPA repositories in DEFAULT mode.
2024-06-14 18:30:05.595 [INFO] [main] [o.s.d.r.c.RepositoryConfigurationDelegate] - Finished Spring Data repository scanning in 103 ms. Found 4 JPA repository interfaces.
2024-06-14 18:30:05.603 [INFO] [main] [o.s.d.r.c.RepositoryConfigurationDelegate] - Multiple Spring Data modules found, entering strict repository configuration mode
2024-06-14 18:30:05.604 [INFO] [main] [o.s.d.r.c.RepositoryConfigurationDelegate] - Bootstrapping Spring Data Redis repositories in DEFAULT mode.
2024-06-14 18:30:05.612 [INFO] [main] [o.s.d.r.c.RepositoryConfigurationExtensionSupport] - Spring Data Redis - Could not safely identify store assignment for repository candidate interface com.silverithm.vehicleplacementsystem.repository.ElderRepository; If you want this repository to be a Redis repository, consider annotating your entities with one of these annotations: org.springframework.data.redis.core.RedisHash (preferred), or consider extending one of the following types with your repository: org.springframework.data.keyvalue.repository.KeyValueRepository
2024-06-14 18:30:05.612 [INFO] [main] [o.s.d.r.c.RepositoryConfigurationExtensionSupport] - Spring Data Redis - Could not safely identify store assignment for repository candidate interface com.silverithm.vehicleplacementsystem.repository.EmployeeRepository; If you want this repository to be a Redis repository, consider annotating your entities with one of these annotations: org.springframework.data.redis.core.RedisHash (preferred), or consider extending one of the following types with your repository: org.springframework.data.keyvalue.repository.KeyValueRepository
2024-06-14 18:30:05.612 [INFO] [main] [o.s.d.r.c.RepositoryConfigurationExtensionSupport] - Spring Data Redis - Could not safely identify store assignment for repository candidate interface com.silverithm.vehicleplacementsystem.repository.LinkDistanceRepository; If you want this repository to be a Redis repository, consider annotating your entities with one of these annotations: org.springframework.data.redis.core.RedisHash (preferred), or consider extending one of the following types with your repository: org.springframework.data.keyvalue.repository.KeyValueRepository
2024-06-14 18:30:05.612 [INFO] [main] [o.s.d.r.c.RepositoryConfigurationExtensionSupport] - Spring Data Redis - Could not safely identify store assignment for repository candidate interface com.silverithm.vehicleplacementsystem.repository.UserRepository; If you want this repository to be a Redis repository, consider annotating your entities with one of these annotations: org.springframework.data.redis.core.RedisHash (preferred), or consider extending one of the following types with your repository: org.springframework.data.keyvalue.repository.KeyValueRepository
2024-06-14 18:30:05.613 [INFO] [main] [o.s.d.r.c.RepositoryConfigurationDelegate] - Finished Spring Data repository scanning in 8 ms. Found 0 Redis repository interfaces.
2024-06-14 18:30:06.052 [INFO] [main] [o.h.jpa.internal.util.LogHelper] - HHH000204: Processing PersistenceUnitInfo [name: default]
2024-06-14 18:30:06.102 [INFO] [main] [org.hibernate.Version] - HHH000412: Hibernate ORM core version 6.4.1.Final
2024-06-14 18:30:06.129 [INFO] [main] [o.h.c.i.RegionFactoryInitiator] - HHH000026: Second-level cache disabled
2024-06-14 18:30:06.283 [INFO] [main] [o.s.o.j.p.SpringPersistenceUnitInfo] - No LoadTimeWeaver setup: ignoring JPA class transformer
2024-06-14 18:30:06.300 [INFO] [main] [com.zaxxer.hikari.HikariDataSource] - HikariPool-1 - Starting...
2024-06-14 18:30:09.149 [INFO] [main] [o.h.e.t.j.p.i.JtaPlatformInitiator] - HHH000489: No JTA platform available (set 'hibernate.transaction.jta.platform' to enable JTA platform integration)
2024-06-14 18:30:09.155 [INFO] [main] [com.zaxxer.hikari.HikariDataSource] - HikariPool-1 - Starting...
2024-06-14 18:30:11.487 [INFO] [main] [o.s.b.a.l.ConditionEvaluationReportLogger] - 

Error starting ApplicationContext. To display the condition evaluation report re-run your application with 'debug' enabled.
2024-06-14 18:30:49.481 [INFO] [main] [c.s.v.GeneticAlgorithmServiceTest] - Starting GeneticAlgorithmServiceTest using Java 17.0.7 with PID 73999 (started by gimjunhyeong in /Users/gimjunhyeong/Develop/silverithm/backend)
2024-06-14 18:30:49.482 [INFO] [main] [c.s.v.GeneticAlgorithmServiceTest] - The following 1 profile is active: "local"
2024-06-14 18:30:49.842 [INFO] [main] [o.s.d.r.c.RepositoryConfigurationDelegate] - Multiple Spring Data modules found, entering strict repository configuration mode
2024-06-14 18:30:49.842 [INFO] [main] [o.s.d.r.c.RepositoryConfigurationDelegate] - Bootstrapping Spring Data Redis repositories in DEFAULT mode.
2024-06-14 18:30:49.852 [INFO] [main] [o.s.d.r.c.RepositoryConfigurationDelegate] - Finished Spring Data repository scanning in 2 ms. Found 0 Redis repository interfaces.
2024-06-14 18:30:50.041 [INFO] [main] [o.s.d.r.c.RepositoryConfigurationDelegate] - Multiple Spring Data modules found, entering strict repository configuration mode
2024-06-14 18:30:50.042 [INFO] [main] [o.s.d.r.c.RepositoryConfigurationDelegate] - Bootstrapping Spring Data JPA repositories in DEFAULT mode.
2024-06-14 18:30:50.146 [INFO] [main] [o.s.d.r.c.RepositoryConfigurationDelegate] - Finished Spring Data repository scanning in 101 ms. Found 4 JPA repository interfaces.
2024-06-14 18:30:50.155 [INFO] [main] [o.s.d.r.c.RepositoryConfigurationDelegate] - Multiple Spring Data modules found, entering strict repository configuration mode
2024-06-14 18:30:50.155 [INFO] [main] [o.s.d.r.c.RepositoryConfigurationDelegate] - Bootstrapping Spring Data Redis repositories in DEFAULT mode.
2024-06-14 18:30:50.161 [INFO] [main] [o.s.d.r.c.RepositoryConfigurationExtensionSupport] - Spring Data Redis - Could not safely identify store assignment for repository candidate interface com.silverithm.vehicleplacementsystem.repository.ElderRepository; If you want this repository to be a Redis repository, consider annotating your entities with one of these annotations: org.springframework.data.redis.core.RedisHash (preferred), or consider extending one of the following types with your repository: org.springframework.data.keyvalue.repository.KeyValueRepository
2024-06-14 18:30:50.161 [INFO] [main] [o.s.d.r.c.RepositoryConfigurationExtensionSupport] - Spring Data Redis - Could not safely identify store assignment for repository candidate interface com.silverithm.vehicleplacementsystem.repository.EmployeeRepository; If you want this repository to be a Redis repository, consider annotating your entities with one of these annotations: org.springframework.data.redis.core.RedisHash (preferred), or consider extending one of the following types with your repository: org.springframework.data.keyvalue.repository.KeyValueRepository
2024-06-14 18:30:50.161 [INFO] [main] [o.s.d.r.c.RepositoryConfigurationExtensionSupport] - Spring Data Redis - Could not safely identify store assignment for repository candidate interface com.silverithm.vehicleplacementsystem.repository.LinkDistanceRepository; If you want this repository to be a Redis repository, consider annotating your entities with one of these annotations: org.springframework.data.redis.core.RedisHash (preferred), or consider extending one of the following types with your repository: org.springframework.data.keyvalue.repository.KeyValueRepository
2024-06-14 18:30:50.162 [INFO] [main] [o.s.d.r.c.RepositoryConfigurationExtensionSupport] - Spring Data Redis - Could not safely identify store assignment for repository candidate interface com.silverithm.vehicleplacementsystem.repository.UserRepository; If you want this repository to be a Redis repository, consider annotating your entities with one of these annotations: org.springframework.data.redis.core.RedisHash (preferred), or consider extending one of the following types with your repository: org.springframework.data.keyvalue.repository.KeyValueRepository
2024-06-14 18:30:50.162 [INFO] [main] [o.s.d.r.c.RepositoryConfigurationDelegate] - Finished Spring Data repository scanning in 6 ms. Found 0 Redis repository interfaces.
2024-06-14 18:30:50.553 [INFO] [main] [o.h.jpa.internal.util.LogHelper] - HHH000204: Processing PersistenceUnitInfo [name: default]
2024-06-14 18:30:50.585 [INFO] [main] [org.hibernate.Version] - HHH000412: Hibernate ORM core version 6.4.1.Final
2024-06-14 18:30:50.609 [INFO] [main] [o.h.c.i.RegionFactoryInitiator] - HHH000026: Second-level cache disabled
2024-06-14 18:30:50.762 [INFO] [main] [o.s.o.j.p.SpringPersistenceUnitInfo] - No LoadTimeWeaver setup: ignoring JPA class transformer
2024-06-14 18:30:50.781 [INFO] [main] [com.zaxxer.hikari.HikariDataSource] - HikariPool-1 - Starting...
2024-06-14 18:30:50.913 [INFO] [main] [com.zaxxer.hikari.pool.HikariPool] - HikariPool-1 - Added connection conn0: url=jdbc:h2:tcp://localhost:9092/~/silverithm_local user=USER
2024-06-14 18:30:50.914 [INFO] [main] [com.zaxxer.hikari.HikariDataSource] - HikariPool-1 - Start completed.
2024-06-14 18:30:51.398 [INFO] [main] [o.h.e.t.j.p.i.JtaPlatformInitiator] - HHH000489: No JTA platform available (set 'hibernate.transaction.jta.platform' to enable JTA platform integration)
2024-06-14 18:30:51.441 [INFO] [main] [o.s.o.j.LocalContainerEntityManagerFactoryBean] - Initialized JPA EntityManagerFactory for persistence unit 'default'
2024-06-14 18:30:52.320 [INFO] [main] [o.s.s.web.DefaultSecurityFilterChain] - Will secure any request with [org.springframework.security.web.session.DisableEncodeUrlFilter@422ab2ff, org.springframework.security.web.context.request.async.WebAsyncManagerIntegrationFilter@4494ed08, org.springframework.security.web.context.SecurityContextHolderFilter@37d12d0e, org.springframework.security.web.header.HeaderWriterFilter@3dd2a70d, org.springframework.web.filter.CorsFilter@7a2d676e, org.springframework.security.web.authentication.logout.LogoutFilter@5b1f32e2, com.silverithm.vehicleplacementsystem.jwt.JwtAuthenticationFilter@7e5a8000, org.springframework.security.web.savedrequest.RequestCacheAwareFilter@28fdce67, org.springframework.security.web.servletapi.SecurityContextHolderAwareRequestFilter@126a8548, org.springframework.security.web.authentication.AnonymousAuthenticationFilter@6970687e, org.springframework.security.web.session.SessionManagementFilter@657f1fc3, org.springframework.security.web.access.ExceptionTranslationFilter@43d00636, org.springframework.security.web.access.intercept.AuthorizationFilter@79dd79eb]
2024-06-14 18:30:52.643 [INFO] [main] [c.s.v.GeneticAlgorithmServiceTest] - Started GeneticAlgorithmServiceTest in 3.403 seconds (process running for 3.974)
2024-06-14 18:30:53.133 [INFO] [SpringApplicationShutdownHook] [o.s.o.j.LocalContainerEntityManagerFactoryBean] - Closing JPA EntityManagerFactory for persistence unit 'default'
2024-06-14 18:30:53.135 [INFO] [SpringApplicationShutdownHook] [com.zaxxer.hikari.HikariDataSource] - HikariPool-1 - Shutdown initiated...
2024-06-14 18:30:53.373 [INFO] [SpringApplicationShutdownHook] [com.zaxxer.hikari.HikariDataSource] - HikariPool-1 - Shutdown completed.
2024-06-14 18:31:47.950 [INFO] [main] [c.s.v.GeneticAlgorithmServiceTest] - Starting GeneticAlgorithmServiceTest using Java 17.0.7 with PID 74060 (started by gimjunhyeong in /Users/gimjunhyeong/Develop/silverithm/backend)
2024-06-14 18:31:47.951 [INFO] [main] [c.s.v.GeneticAlgorithmServiceTest] - The following 1 profile is active: "local"
2024-06-14 18:31:48.361 [INFO] [main] [o.s.d.r.c.RepositoryConfigurationDelegate] - Multiple Spring Data modules found, entering strict repository configuration mode
2024-06-14 18:31:48.361 [INFO] [main] [o.s.d.r.c.RepositoryConfigurationDelegate] - Bootstrapping Spring Data Redis repositories in DEFAULT mode.
2024-06-14 18:31:48.374 [INFO] [main] [o.s.d.r.c.RepositoryConfigurationDelegate] - Finished Spring Data repository scanning in 4 ms. Found 0 Redis repository interfaces.
2024-06-14 18:31:48.578 [INFO] [main] [o.s.d.r.c.RepositoryConfigurationDelegate] - Multiple Spring Data modules found, entering strict repository configuration mode
2024-06-14 18:31:48.578 [INFO] [main] [o.s.d.r.c.RepositoryConfigurationDelegate] - Bootstrapping Spring Data JPA repositories in DEFAULT mode.
2024-06-14 18:31:48.667 [INFO] [main] [o.s.d.r.c.RepositoryConfigurationDelegate] - Finished Spring Data repository scanning in 86 ms. Found 4 JPA repository interfaces.
2024-06-14 18:31:48.674 [INFO] [main] [o.s.d.r.c.RepositoryConfigurationDelegate] - Multiple Spring Data modules found, entering strict repository configuration mode
2024-06-14 18:31:48.674 [INFO] [main] [o.s.d.r.c.RepositoryConfigurationDelegate] - Bootstrapping Spring Data Redis repositories in DEFAULT mode.
2024-06-14 18:31:48.678 [INFO] [main] [o.s.d.r.c.RepositoryConfigurationExtensionSupport] - Spring Data Redis - Could not safely identify store assignment for repository candidate interface com.silverithm.vehicleplacementsystem.repository.ElderRepository; If you want this repository to be a Redis repository, consider annotating your entities with one of these annotations: org.springframework.data.redis.core.RedisHash (preferred), or consider extending one of the following types with your repository: org.springframework.data.keyvalue.repository.KeyValueRepository
2024-06-14 18:31:48.679 [INFO] [main] [o.s.d.r.c.RepositoryConfigurationExtensionSupport] - Spring Data Redis - Could not safely identify store assignment for repository candidate interface com.silverithm.vehicleplacementsystem.repository.EmployeeRepository; If you want this repository to be a Redis repository, consider annotating your entities with one of these annotations: org.springframework.data.redis.core.RedisHash (preferred), or consider extending one of the following types with your repository: org.springframework.data.keyvalue.repository.KeyValueRepository
2024-06-14 18:31:48.679 [INFO] [main] [o.s.d.r.c.RepositoryConfigurationExtensionSupport] - Spring Data Redis - Could not safely identify store assignment for repository candidate interface com.silverithm.vehicleplacementsystem.repository.LinkDistanceRepository; If you want this repository to be a Redis repository, consider annotating your entities with one of these annotations: org.springframework.data.redis.core.RedisHash (preferred), or consider extending one of the following types with your repository: org.springframework.data.keyvalue.repository.KeyValueRepository
2024-06-14 18:31:48.679 [INFO] [main] [o.s.d.r.c.RepositoryConfigurationExtensionSupport] - Spring Data Redis - Could not safely identify store assignment for repository candidate interface com.silverithm.vehicleplacementsystem.repository.UserRepository; If you want this repository to be a Redis repository, consider annotating your entities with one of these annotations: org.springframework.data.redis.core.RedisHash (preferred), or consider extending one of the following types with your repository: org.springframework.data.keyvalue.repository.KeyValueRepository
2024-06-14 18:31:48.679 [INFO] [main] [o.s.d.r.c.RepositoryConfigurationDelegate] - Finished Spring Data repository scanning in 5 ms. Found 0 Redis repository interfaces.
2024-06-14 18:31:49.112 [INFO] [main] [o.h.jpa.internal.util.LogHelper] - HHH000204: Processing PersistenceUnitInfo [name: default]
2024-06-14 18:31:49.138 [INFO] [main] [org.hibernate.Version] - HHH000412: Hibernate ORM core version 6.4.1.Final
2024-06-14 18:31:49.154 [INFO] [main] [o.h.c.i.RegionFactoryInitiator] - HHH000026: Second-level cache disabled
2024-06-14 18:31:49.268 [INFO] [main] [o.s.o.j.p.SpringPersistenceUnitInfo] - No LoadTimeWeaver setup: ignoring JPA class transformer
2024-06-14 18:31:49.280 [INFO] [main] [com.zaxxer.hikari.HikariDataSource] - HikariPool-1 - Starting...
2024-06-14 18:31:49.341 [INFO] [main] [com.zaxxer.hikari.pool.HikariPool] - HikariPool-1 - Added connection conn0: url=jdbc:h2:tcp://localhost:9092/~/silverithm_local user=USER
2024-06-14 18:31:49.342 [INFO] [main] [com.zaxxer.hikari.HikariDataSource] - HikariPool-1 - Start completed.
2024-06-14 18:31:49.829 [INFO] [main] [o.h.e.t.j.p.i.JtaPlatformInitiator] - HHH000489: No JTA platform available (set 'hibernate.transaction.jta.platform' to enable JTA platform integration)
2024-06-14 18:31:49.883 [INFO] [main] [o.s.o.j.LocalContainerEntityManagerFactoryBean] - Initialized JPA EntityManagerFactory for persistence unit 'default'
2024-06-14 18:31:50.817 [INFO] [main] [o.s.s.web.DefaultSecurityFilterChain] - Will secure any request with [org.springframework.security.web.session.DisableEncodeUrlFilter@7ef706b0, org.springframework.security.web.context.request.async.WebAsyncManagerIntegrationFilter@793577e0, org.springframework.security.web.context.SecurityContextHolderFilter@734d870f, org.springframework.security.web.header.HeaderWriterFilter@23972e02, org.springframework.web.filter.CorsFilter@39e75e88, org.springframework.security.web.authentication.logout.LogoutFilter@35ca0dac, com.silverithm.vehicleplacementsystem.jwt.JwtAuthenticationFilter@642ebd4c, org.springframework.security.web.savedrequest.RequestCacheAwareFilter@73c25e8, org.springframework.security.web.servletapi.SecurityContextHolderAwareRequestFilter@78b3f926, org.springframework.security.web.authentication.AnonymousAuthenticationFilter@222af5ff, org.springframework.security.web.session.SessionManagementFilter@17e96b3c, org.springframework.security.web.access.ExceptionTranslationFilter@4ee8ea84, org.springframework.security.web.access.intercept.AuthorizationFilter@3426d8e2]
2024-06-14 18:31:51.128 [INFO] [main] [c.s.v.GeneticAlgorithmServiceTest] - Started GeneticAlgorithmServiceTest in 3.366 seconds (process running for 3.86)
2024-06-14 18:31:51.650 [INFO] [SpringApplicationShutdownHook] [o.s.o.j.LocalContainerEntityManagerFactoryBean] - Closing JPA EntityManagerFactory for persistence unit 'default'
2024-06-14 18:31:51.652 [INFO] [SpringApplicationShutdownHook] [com.zaxxer.hikari.HikariDataSource] - HikariPool-1 - Shutdown initiated...
2024-06-14 18:31:51.880 [INFO] [SpringApplicationShutdownHook] [com.zaxxer.hikari.HikariDataSource] - HikariPool-1 - Shutdown completed.
2024-06-14 18:33:28.079 [INFO] [main] [c.s.v.GeneticAlgorithmServiceTest] - Starting GeneticAlgorithmServiceTest using Java 17.0.7 with PID 74151 (started by gimjunhyeong in /Users/gimjunhyeong/Develop/silverithm/backend)
2024-06-14 18:33:28.079 [INFO] [main] [c.s.v.GeneticAlgorithmServiceTest] - The following 1 profile is active: "local"
2024-06-14 18:33:28.393 [INFO] [main] [o.s.d.r.c.RepositoryConfigurationDelegate] - Multiple Spring Data modules found, entering strict repository configuration mode
2024-06-14 18:33:28.394 [INFO] [main] [o.s.d.r.c.RepositoryConfigurationDelegate] - Bootstrapping Spring Data Redis repositories in DEFAULT mode.
2024-06-14 18:33:28.402 [INFO] [main] [o.s.d.r.c.RepositoryConfigurationDelegate] - Finished Spring Data repository scanning in 2 ms. Found 0 Redis repository interfaces.
2024-06-14 18:33:28.568 [INFO] [main] [o.s.d.r.c.RepositoryConfigurationDelegate] - Multiple Spring Data modules found, entering strict repository configuration mode
2024-06-14 18:33:28.569 [INFO] [main] [o.s.d.r.c.RepositoryConfigurationDelegate] - Bootstrapping Spring Data JPA repositories in DEFAULT mode.
2024-06-14 18:33:28.649 [INFO] [main] [o.s.d.r.c.RepositoryConfigurationDelegate] - Finished Spring Data repository scanning in 77 ms. Found 4 JPA repository interfaces.
2024-06-14 18:33:28.655 [INFO] [main] [o.s.d.r.c.RepositoryConfigurationDelegate] - Multiple Spring Data modules found, entering strict repository configuration mode
2024-06-14 18:33:28.655 [INFO] [main] [o.s.d.r.c.RepositoryConfigurationDelegate] - Bootstrapping Spring Data Redis repositories in DEFAULT mode.
2024-06-14 18:33:28.659 [INFO] [main] [o.s.d.r.c.RepositoryConfigurationExtensionSupport] - Spring Data Redis - Could not safely identify store assignment for repository candidate interface com.silverithm.vehicleplacementsystem.repository.ElderRepository; If you want this repository to be a Redis repository, consider annotating your entities with one of these annotations: org.springframework.data.redis.core.RedisHash (preferred), or consider extending one of the following types with your repository: org.springframework.data.keyvalue.repository.KeyValueRepository
2024-06-14 18:33:28.659 [INFO] [main] [o.s.d.r.c.RepositoryConfigurationExtensionSupport] - Spring Data Redis - Could not safely identify store assignment for repository candidate interface com.silverithm.vehicleplacementsystem.repository.EmployeeRepository; If you want this repository to be a Redis repository, consider annotating your entities with one of these annotations: org.springframework.data.redis.core.RedisHash (preferred), or consider extending one of the following types with your repository: org.springframework.data.keyvalue.repository.KeyValueRepository
2024-06-14 18:33:28.660 [INFO] [main] [o.s.d.r.c.RepositoryConfigurationExtensionSupport] - Spring Data Redis - Could not safely identify store assignment for repository candidate interface com.silverithm.vehicleplacementsystem.repository.LinkDistanceRepository; If you want this repository to be a Redis repository, consider annotating your entities with one of these annotations: org.springframework.data.redis.core.RedisHash (preferred), or consider extending one of the following types with your repository: org.springframework.data.keyvalue.repository.KeyValueRepository
2024-06-14 18:33:28.660 [INFO] [main] [o.s.d.r.c.RepositoryConfigurationExtensionSupport] - Spring Data Redis - Could not safely identify store assignment for repository candidate interface com.silverithm.vehicleplacementsystem.repository.UserRepository; If you want this repository to be a Redis repository, consider annotating your entities with one of these annotations: org.springframework.data.redis.core.RedisHash (preferred), or consider extending one of the following types with your repository: org.springframework.data.keyvalue.repository.KeyValueRepository
2024-06-14 18:33:28.660 [INFO] [main] [o.s.d.r.c.RepositoryConfigurationDelegate] - Finished Spring Data repository scanning in 5 ms. Found 0 Redis repository interfaces.
2024-06-14 18:33:29.041 [INFO] [main] [o.h.jpa.internal.util.LogHelper] - HHH000204: Processing PersistenceUnitInfo [name: default]
2024-06-14 18:33:29.067 [INFO] [main] [org.hibernate.Version] - HHH000412: Hibernate ORM core version 6.4.1.Final
2024-06-14 18:33:29.085 [INFO] [main] [o.h.c.i.RegionFactoryInitiator] - HHH000026: Second-level cache disabled
2024-06-14 18:33:29.193 [INFO] [main] [o.s.o.j.p.SpringPersistenceUnitInfo] - No LoadTimeWeaver setup: ignoring JPA class transformer
2024-06-14 18:33:29.206 [INFO] [main] [com.zaxxer.hikari.HikariDataSource] - HikariPool-1 - Starting...
2024-06-14 18:33:29.269 [INFO] [main] [com.zaxxer.hikari.pool.HikariPool] - HikariPool-1 - Added connection conn0: url=jdbc:h2:tcp://localhost:9092/~/silverithm_local user=USER
2024-06-14 18:33:29.271 [INFO] [main] [com.zaxxer.hikari.HikariDataSource] - HikariPool-1 - Start completed.
2024-06-14 18:33:29.698 [INFO] [main] [o.h.e.t.j.p.i.JtaPlatformInitiator] - HHH000489: No JTA platform available (set 'hibernate.transaction.jta.platform' to enable JTA platform integration)
2024-06-14 18:33:29.731 [INFO] [main] [o.s.o.j.LocalContainerEntityManagerFactoryBean] - Initialized JPA EntityManagerFactory for persistence unit 'default'
2024-06-14 18:33:30.555 [INFO] [main] [o.s.s.web.DefaultSecurityFilterChain] - Will secure any request with [org.springframework.security.web.session.DisableEncodeUrlFilter@3118ed2c, org.springframework.security.web.context.request.async.WebAsyncManagerIntegrationFilter@5bc150e9, org.springframework.security.web.context.SecurityContextHolderFilter@126a8548, org.springframework.security.web.header.HeaderWriterFilter@6a0ca728, org.springframework.web.filter.CorsFilter@28fa0ff8, org.springframework.security.web.authentication.logout.LogoutFilter@3ea3b20d, com.silverithm.vehicleplacementsystem.jwt.JwtAuthenticationFilter@726e780a, org.springframework.security.web.savedrequest.RequestCacheAwareFilter@2cf93603, org.springframework.security.web.servletapi.SecurityContextHolderAwareRequestFilter@1a35343e, org.springframework.security.web.authentication.AnonymousAuthenticationFilter@4698ae6, org.springframework.security.web.session.SessionManagementFilter@71b01319, org.springframework.security.web.access.ExceptionTranslationFilter@6f5ae4e1, org.springframework.security.web.access.intercept.AuthorizationFilter@7e5a8000]
2024-06-14 18:33:30.877 [INFO] [main] [c.s.v.GeneticAlgorithmServiceTest] - Started GeneticAlgorithmServiceTest in 2.993 seconds (process running for 3.43)
2024-06-14 18:33:31.295 [INFO] [SpringApplicationShutdownHook] [o.s.o.j.LocalContainerEntityManagerFactoryBean] - Closing JPA EntityManagerFactory for persistence unit 'default'
2024-06-14 18:33:31.296 [INFO] [SpringApplicationShutdownHook] [com.zaxxer.hikari.HikariDataSource] - HikariPool-1 - Shutdown initiated...
2024-06-14 18:33:31.520 [INFO] [SpringApplicationShutdownHook] [com.zaxxer.hikari.HikariDataSource] - HikariPool-1 - Shutdown completed.
2024-06-14 18:33:39.200 [INFO] [main] [c.s.v.GeneticAlgorithmServiceTest] - Starting GeneticAlgorithmServiceTest using Java 17.0.7 with PID 74170 (started by gimjunhyeong in /Users/gimjunhyeong/Develop/silverithm/backend)
2024-06-14 18:33:39.201 [INFO] [main] [c.s.v.GeneticAlgorithmServiceTest] - The following 1 profile is active: "local"
2024-06-14 18:33:39.654 [INFO] [main] [o.s.d.r.c.RepositoryConfigurationDelegate] - Multiple Spring Data modules found, entering strict repository configuration mode
2024-06-14 18:33:39.655 [INFO] [main] [o.s.d.r.c.RepositoryConfigurationDelegate] - Bootstrapping Spring Data Redis repositories in DEFAULT mode.
2024-06-14 18:33:39.667 [INFO] [main] [o.s.d.r.c.RepositoryConfigurationDelegate] - Finished Spring Data repository scanning in 4 ms. Found 0 Redis repository interfaces.
2024-06-14 18:33:39.888 [INFO] [main] [o.s.d.r.c.RepositoryConfigurationDelegate] - Multiple Spring Data modules found, entering strict repository configuration mode
2024-06-14 18:33:39.889 [INFO] [main] [o.s.d.r.c.RepositoryConfigurationDelegate] - Bootstrapping Spring Data JPA repositories in DEFAULT mode.
2024-06-14 18:33:39.993 [INFO] [main] [o.s.d.r.c.RepositoryConfigurationDelegate] - Finished Spring Data repository scanning in 101 ms. Found 4 JPA repository interfaces.
2024-06-14 18:33:40.007 [INFO] [main] [o.s.d.r.c.RepositoryConfigurationDelegate] - Multiple Spring Data modules found, entering strict repository configuration mode
2024-06-14 18:33:40.008 [INFO] [main] [o.s.d.r.c.RepositoryConfigurationDelegate] - Bootstrapping Spring Data Redis repositories in DEFAULT mode.
2024-06-14 18:33:40.014 [INFO] [main] [o.s.d.r.c.RepositoryConfigurationExtensionSupport] - Spring Data Redis - Could not safely identify store assignment for repository candidate interface com.silverithm.vehicleplacementsystem.repository.ElderRepository; If you want this repository to be a Redis repository, consider annotating your entities with one of these annotations: org.springframework.data.redis.core.RedisHash (preferred), or consider extending one of the following types with your repository: org.springframework.data.keyvalue.repository.KeyValueRepository
2024-06-14 18:33:40.014 [INFO] [main] [o.s.d.r.c.RepositoryConfigurationExtensionSupport] - Spring Data Redis - Could not safely identify store assignment for repository candidate interface com.silverithm.vehicleplacementsystem.repository.EmployeeRepository; If you want this repository to be a Redis repository, consider annotating your entities with one of these annotations: org.springframework.data.redis.core.RedisHash (preferred), or consider extending one of the following types with your repository: org.springframework.data.keyvalue.repository.KeyValueRepository
2024-06-14 18:33:40.015 [INFO] [main] [o.s.d.r.c.RepositoryConfigurationExtensionSupport] - Spring Data Redis - Could not safely identify store assignment for repository candidate interface com.silverithm.vehicleplacementsystem.repository.LinkDistanceRepository; If you want this repository to be a Redis repository, consider annotating your entities with one of these annotations: org.springframework.data.redis.core.RedisHash (preferred), or consider extending one of the following types with your repository: org.springframework.data.keyvalue.repository.KeyValueRepository
2024-06-14 18:33:40.015 [INFO] [main] [o.s.d.r.c.RepositoryConfigurationExtensionSupport] - Spring Data Redis - Could not safely identify store assignment for repository candidate interface com.silverithm.vehicleplacementsystem.repository.UserRepository; If you want this repository to be a Redis repository, consider annotating your entities with one of these annotations: org.springframework.data.redis.core.RedisHash (preferred), or consider extending one of the following types with your repository: org.springframework.data.keyvalue.repository.KeyValueRepository
2024-06-14 18:33:40.015 [INFO] [main] [o.s.d.r.c.RepositoryConfigurationDelegate] - Finished Spring Data repository scanning in 7 ms. Found 0 Redis repository interfaces.
2024-06-14 18:33:40.437 [INFO] [main] [o.h.jpa.internal.util.LogHelper] - HHH000204: Processing PersistenceUnitInfo [name: default]
2024-06-14 18:33:40.479 [INFO] [main] [org.hibernate.Version] - HHH000412: Hibernate ORM core version 6.4.1.Final
2024-06-14 18:33:40.500 [INFO] [main] [o.h.c.i.RegionFactoryInitiator] - HHH000026: Second-level cache disabled
2024-06-14 18:33:40.641 [INFO] [main] [o.s.o.j.p.SpringPersistenceUnitInfo] - No LoadTimeWeaver setup: ignoring JPA class transformer
2024-06-14 18:33:40.657 [INFO] [main] [com.zaxxer.hikari.HikariDataSource] - HikariPool-1 - Starting...
2024-06-14 18:33:40.725 [INFO] [main] [com.zaxxer.hikari.pool.HikariPool] - HikariPool-1 - Added connection conn0: url=jdbc:h2:tcp://localhost:9092/~/silverithm_local user=USER
2024-06-14 18:33:40.726 [INFO] [main] [com.zaxxer.hikari.HikariDataSource] - HikariPool-1 - Start completed.
2024-06-14 18:33:41.221 [INFO] [main] [o.h.e.t.j.p.i.JtaPlatformInitiator] - HHH000489: No JTA platform available (set 'hibernate.transaction.jta.platform' to enable JTA platform integration)
2024-06-14 18:33:41.258 [INFO] [main] [o.s.o.j.LocalContainerEntityManagerFactoryBean] - Initialized JPA EntityManagerFactory for persistence unit 'default'
2024-06-14 18:33:42.129 [INFO] [main] [o.s.s.web.DefaultSecurityFilterChain] - Will secure any request with [org.springframework.security.web.session.DisableEncodeUrlFilter@4e4ee99, org.springframework.security.web.context.request.async.WebAsyncManagerIntegrationFilter@4eaf08f4, org.springframework.security.web.context.SecurityContextHolderFilter@6cfa20c1, org.springframework.security.web.header.HeaderWriterFilter@74c58f64, org.springframework.web.filter.CorsFilter@78405f00, org.springframework.security.web.authentication.logout.LogoutFilter@6c98079, com.silverithm.vehicleplacementsystem.jwt.JwtAuthenticationFilter@295f115d, org.springframework.security.web.savedrequest.RequestCacheAwareFilter@3653bb61, org.springframework.security.web.servletapi.SecurityContextHolderAwareRequestFilter@3bea7134, org.springframework.security.web.authentication.AnonymousAuthenticationFilter@a6cb2c9, org.springframework.security.web.session.SessionManagementFilter@76e5d5e5, org.springframework.security.web.access.ExceptionTranslationFilter@5769679b, org.springframework.security.web.access.intercept.AuthorizationFilter@642270ad]
2024-06-14 18:33:42.445 [INFO] [main] [c.s.v.GeneticAlgorithmServiceTest] - Started GeneticAlgorithmServiceTest in 3.443 seconds (process running for 4.012)
2024-06-14 18:33:42.927 [INFO] [SpringApplicationShutdownHook] [o.s.o.j.LocalContainerEntityManagerFactoryBean] - Closing JPA EntityManagerFactory for persistence unit 'default'
2024-06-14 18:33:42.929 [INFO] [SpringApplicationShutdownHook] [com.zaxxer.hikari.HikariDataSource] - HikariPool-1 - Shutdown initiated...
2024-06-14 18:33:43.152 [INFO] [SpringApplicationShutdownHook] [com.zaxxer.hikari.HikariDataSource] - HikariPool-1 - Shutdown completed.
2024-06-14 18:35:19.632 [INFO] [main] [c.s.v.GeneticAlgorithmServiceTest] - Starting GeneticAlgorithmServiceTest using Java 17.0.7 with PID 74285 (started by gimjunhyeong in /Users/gimjunhyeong/Develop/silverithm/backend)
2024-06-14 18:35:19.633 [INFO] [main] [c.s.v.GeneticAlgorithmServiceTest] - The following 1 profile is active: "local"
2024-06-14 18:35:20.078 [INFO] [main] [o.s.d.r.c.RepositoryConfigurationDelegate] - Multiple Spring Data modules found, entering strict repository configuration mode
2024-06-14 18:35:20.078 [INFO] [main] [o.s.d.r.c.RepositoryConfigurationDelegate] - Bootstrapping Spring Data Redis repositories in DEFAULT mode.
2024-06-14 18:35:20.093 [INFO] [main] [o.s.d.r.c.RepositoryConfigurationDelegate] - Finished Spring Data repository scanning in 4 ms. Found 0 Redis repository interfaces.
2024-06-14 18:35:20.287 [INFO] [main] [o.s.d.r.c.RepositoryConfigurationDelegate] - Multiple Spring Data modules found, entering strict repository configuration mode
2024-06-14 18:35:20.288 [INFO] [main] [o.s.d.r.c.RepositoryConfigurationDelegate] - Bootstrapping Spring Data JPA repositories in DEFAULT mode.
2024-06-14 18:35:20.374 [INFO] [main] [o.s.d.r.c.RepositoryConfigurationDelegate] - Finished Spring Data repository scanning in 84 ms. Found 4 JPA repository interfaces.
2024-06-14 18:35:20.380 [INFO] [main] [o.s.d.r.c.RepositoryConfigurationDelegate] - Multiple Spring Data modules found, entering strict repository configuration mode
2024-06-14 18:35:20.381 [INFO] [main] [o.s.d.r.c.RepositoryConfigurationDelegate] - Bootstrapping Spring Data Redis repositories in DEFAULT mode.
2024-06-14 18:35:20.386 [INFO] [main] [o.s.d.r.c.RepositoryConfigurationExtensionSupport] - Spring Data Redis - Could not safely identify store assignment for repository candidate interface com.silverithm.vehicleplacementsystem.repository.ElderRepository; If you want this repository to be a Redis repository, consider annotating your entities with one of these annotations: org.springframework.data.redis.core.RedisHash (preferred), or consider extending one of the following types with your repository: org.springframework.data.keyvalue.repository.KeyValueRepository
2024-06-14 18:35:20.387 [INFO] [main] [o.s.d.r.c.RepositoryConfigurationExtensionSupport] - Spring Data Redis - Could not safely identify store assignment for repository candidate interface com.silverithm.vehicleplacementsystem.repository.EmployeeRepository; If you want this repository to be a Redis repository, consider annotating your entities with one of these annotations: org.springframework.data.redis.core.RedisHash (preferred), or consider extending one of the following types with your repository: org.springframework.data.keyvalue.repository.KeyValueRepository
2024-06-14 18:35:20.387 [INFO] [main] [o.s.d.r.c.RepositoryConfigurationExtensionSupport] - Spring Data Redis - Could not safely identify store assignment for repository candidate interface com.silverithm.vehicleplacementsystem.repository.LinkDistanceRepository; If you want this repository to be a Redis repository, consider annotating your entities with one of these annotations: org.springframework.data.redis.core.RedisHash (preferred), or consider extending one of the following types with your repository: org.springframework.data.keyvalue.repository.KeyValueRepository
2024-06-14 18:35:20.387 [INFO] [main] [o.s.d.r.c.RepositoryConfigurationExtensionSupport] - Spring Data Redis - Could not safely identify store assignment for repository candidate interface com.silverithm.vehicleplacementsystem.repository.UserRepository; If you want this repository to be a Redis repository, consider annotating your entities with one of these annotations: org.springframework.data.redis.core.RedisHash (preferred), or consider extending one of the following types with your repository: org.springframework.data.keyvalue.repository.KeyValueRepository
2024-06-14 18:35:20.387 [INFO] [main] [o.s.d.r.c.RepositoryConfigurationDelegate] - Finished Spring Data repository scanning in 6 ms. Found 0 Redis repository interfaces.
2024-06-14 18:35:20.797 [INFO] [main] [o.h.jpa.internal.util.LogHelper] - HHH000204: Processing PersistenceUnitInfo [name: default]
2024-06-14 18:35:20.831 [INFO] [main] [org.hibernate.Version] - HHH000412: Hibernate ORM core version 6.4.1.Final
2024-06-14 18:35:20.847 [INFO] [main] [o.h.c.i.RegionFactoryInitiator] - HHH000026: Second-level cache disabled
2024-06-14 18:35:20.953 [INFO] [main] [o.s.o.j.p.SpringPersistenceUnitInfo] - No LoadTimeWeaver setup: ignoring JPA class transformer
2024-06-14 18:35:20.966 [INFO] [main] [com.zaxxer.hikari.HikariDataSource] - HikariPool-1 - Starting...
2024-06-14 18:35:21.030 [INFO] [main] [com.zaxxer.hikari.pool.HikariPool] - HikariPool-1 - Added connection conn0: url=jdbc:h2:tcp://localhost:9092/~/silverithm_local user=USER
2024-06-14 18:35:21.031 [INFO] [main] [com.zaxxer.hikari.HikariDataSource] - HikariPool-1 - Start completed.
2024-06-14 18:35:21.510 [INFO] [main] [o.h.e.t.j.p.i.JtaPlatformInitiator] - HHH000489: No JTA platform available (set 'hibernate.transaction.jta.platform' to enable JTA platform integration)
2024-06-14 18:35:21.540 [INFO] [main] [o.s.o.j.LocalContainerEntityManagerFactoryBean] - Initialized JPA EntityManagerFactory for persistence unit 'default'
2024-06-14 18:35:22.371 [INFO] [main] [o.s.s.web.DefaultSecurityFilterChain] - Will secure any request with [org.springframework.security.web.session.DisableEncodeUrlFilter@5bc150e9, org.springframework.security.web.context.request.async.WebAsyncManagerIntegrationFilter@28fa0ff8, org.springframework.security.web.context.SecurityContextHolderFilter@54a2ff94, org.springframework.security.web.header.HeaderWriterFilter@5cc088a8, org.springframework.web.filter.CorsFilter@726e780a, org.springframework.security.web.authentication.logout.LogoutFilter@17856f0, com.silverithm.vehicleplacementsystem.jwt.JwtAuthenticationFilter@4698ae6, org.springframework.security.web.savedrequest.RequestCacheAwareFilter@6fe43257, org.springframework.security.web.servletapi.SecurityContextHolderAwareRequestFilter@7f994055, org.springframework.security.web.authentication.AnonymousAuthenticationFilter@557ed49a, org.springframework.security.web.session.SessionManagementFilter@16fa28eb, org.springframework.security.web.access.ExceptionTranslationFilter@2fb006dc, org.springframework.security.web.access.intercept.AuthorizationFilter@6970687e]
2024-06-14 18:35:22.748 [INFO] [main] [c.s.v.GeneticAlgorithmServiceTest] - Started GeneticAlgorithmServiceTest in 3.309 seconds (process running for 3.865)
